2025-09-05 08:58:40.691: [INFO] OnDoneLoading sync enabled: 0
2025-09-05 08:58:40.911: [INFO] RecordSyncInitDuration has_sync_been_enabled: 0 state: 0
2025-09-05 08:59:14.857: [INFO] VisibilityChanged: 0
2025-09-05 09:04:50.903: [INFO] OnDoneLoading sync enabled: 0
2025-09-05 09:04:50.967: [INFO] RecordSyncInitDuration has_sync_been_enabled: 0 state: 0
2025-09-05 09:05:31.507: [INFO] RecordSyncInitDuration has_sync_been_enabled: 0 state: 3
2025-09-05 09:05:31.508: [INFO] Primary account changed.
2025-09-05 09:05:31.509: [INFO] OnPrimaryAccountChanged PrimaryAccountChangeEvent::Type::kSet
2025-09-05 09:05:40.951: [INFO] BookmarkNodeAdded, ABU: 0
2025-09-05 09:05:40.951: [INFO] BookmarkNodeAdded, ABU: 0
2025-09-05 09:05:40.951: [INFO] BookmarkNodeAdded, ABU: 0
2025-09-05 09:05:40.951: [INFO] BookmarkNodeAdded, ABU: 0
2025-09-05 09:05:40.951: [INFO] BookmarkNodeAdded, ABU: 0
2025-09-05 09:05:40.951: [INFO] BookmarkNodeAdded, ABU: 0
2025-09-05 09:05:40.951: [INFO] BookmarkNodeAdded, ABU: 0
2025-09-05 09:05:40.951: [INFO] BookmarkNodeAdded, ABU: 0
2025-09-05 09:05:40.952: [INFO] BookmarkNodeAdded, ABU: 0
2025-09-05 09:05:40.952: [INFO] BookmarkNodeAdded, ABU: 0
2025-09-05 09:05:40.952: [INFO] BookmarkNodeAdded, ABU: 0
2025-09-05 09:05:40.952: [INFO] BookmarkNodeAdded, ABU: 0
2025-09-05 09:05:40.952: [INFO] BookmarkNodeAdded, ABU: 0
2025-09-05 09:05:40.952: [INFO] BookmarkNodeAdded, ABU: 0
2025-09-05 09:05:40.952: [INFO] BookmarkNodeAdded, ABU: 0
2025-09-05 09:05:40.952: [INFO] BookmarkNodeAdded, ABU: 0
2025-09-05 09:05:40.952: [INFO] BookmarkNodeAdded, ABU: 0
2025-09-05 09:05:40.952: [INFO] BookmarkNodeAdded, ABU: 0
2025-09-05 09:05:40.952: [INFO] BookmarkNodeAdded, ABU: 0
2025-09-05 09:05:40.952: [INFO] BookmarkNodeAdded, ABU: 0
2025-09-05 09:05:40.952: [INFO] BookmarkNodeAdded, ABU: 0
2025-09-05 09:05:40.952: [INFO] BookmarkNodeAdded, ABU: 0
2025-09-05 09:05:40.953: [INFO] BookmarkNodeAdded, ABU: 0
2025-09-05 09:05:40.953: [INFO] BookmarkNodeAdded, ABU: 0
2025-09-05 09:05:40.953: [INFO] BookmarkNodeAdded, ABU: 0
2025-09-05 09:05:40.953: [INFO] BookmarkNodeAdded, ABU: 0
2025-09-05 09:05:40.953: [INFO] BookmarkNodeAdded, ABU: 0
2025-09-05 09:05:40.953: [INFO] BookmarkNodeAdded, ABU: 0
2025-09-05 09:05:40.953: [INFO] BookmarkNodeAdded, ABU: 0
2025-09-05 09:05:40.953: [INFO] BookmarkNodeAdded, ABU: 0
2025-09-05 09:05:40.953: [INFO] BookmarkNodeAdded, ABU: 0
2025-09-05 09:05:40.953: [INFO] BookmarkNodeAdded, ABU: 0
2025-09-05 09:05:40.953: [INFO] BookmarkNodeAdded, ABU: 0
2025-09-05 09:05:40.953: [INFO] BookmarkNodeAdded, ABU: 0
2025-09-05 09:05:40.953: [INFO] BookmarkNodeAdded, ABU: 0
2025-09-05 09:05:40.953: [INFO] BookmarkNodeAdded, ABU: 0
2025-09-05 09:05:40.954: [INFO] BookmarkNodeAdded, ABU: 0
2025-09-05 09:05:40.954: [INFO] BookmarkNodeAdded, ABU: 0
2025-09-05 09:05:40.954: [INFO] BookmarkNodeAdded, ABU: 0
2025-09-05 09:05:40.954: [INFO] BookmarkNodeAdded, ABU: 0
2025-09-05 09:05:40.954: [INFO] BookmarkNodeAdded, ABU: 0
2025-09-05 09:05:40.954: [INFO] BookmarkNodeAdded, ABU: 0
2025-09-05 09:05:40.954: [INFO] BookmarkNodeAdded, ABU: 0
2025-09-05 09:05:40.954: [INFO] BookmarkNodeAdded, ABU: 0
2025-09-05 09:05:40.954: [INFO] BookmarkNodeAdded, ABU: 0
2025-09-05 09:05:40.954: [INFO] BookmarkNodeAdded, ABU: 0
2025-09-05 09:05:40.954: [INFO] BookmarkNodeAdded, ABU: 0
2025-09-05 09:05:40.954: [INFO] BookmarkNodeAdded, ABU: 0
2025-09-05 09:05:40.954: [INFO] BookmarkNodeAdded, ABU: 0
2025-09-05 09:05:40.954: [INFO] BookmarkNodeAdded, ABU: 0
2025-09-05 09:05:40.954: [INFO] BookmarkNodeAdded, ABU: 0
2025-09-05 09:05:40.954: [INFO] BookmarkNodeAdded, ABU: 0
2025-09-05 09:05:40.954: [INFO] BookmarkNodeAdded, ABU: 0
2025-09-05 09:05:40.954: [INFO] BookmarkNodeAdded, ABU: 0
2025-09-05 09:05:40.955: [INFO] BookmarkNodeAdded, ABU: 0
2025-09-05 09:05:40.955: [INFO] BookmarkNodeAdded, ABU: 0
2025-09-05 09:05:40.955: [INFO] BookmarkNodeAdded, ABU: 0
2025-09-05 09:05:40.955: [INFO] BookmarkNodeAdded, ABU: 0
2025-09-05 09:05:40.955: [INFO] BookmarkNodeAdded, ABU: 0
2025-09-05 09:05:40.955: [INFO] BookmarkNodeAdded, ABU: 0
2025-09-05 09:05:40.955: [INFO] BookmarkNodeAdded, ABU: 0
2025-09-05 09:05:40.955: [INFO] BookmarkNodeAdded, ABU: 0
2025-09-05 09:05:40.955: [INFO] BookmarkNodeAdded, ABU: 0
2025-09-05 09:05:40.955: [INFO] BookmarkNodeAdded, ABU: 0
2025-09-05 09:05:40.955: [INFO] BookmarkNodeAdded, ABU: 0
2025-09-05 09:05:40.955: [INFO] BookmarkNodeAdded, ABU: 0
2025-09-05 09:05:40.955: [INFO] BookmarkNodeAdded, ABU: 0
2025-09-05 09:05:40.955: [INFO] BookmarkNodeAdded, ABU: 0
2025-09-05 09:05:40.956: [INFO] BookmarkNodeAdded, ABU: 0
2025-09-05 09:05:40.956: [INFO] BookmarkNodeAdded, ABU: 0
2025-09-05 09:05:40.956: [INFO] BookmarkNodeAdded, ABU: 0
2025-09-05 09:05:40.956: [INFO] BookmarkNodeAdded, ABU: 0
2025-09-05 09:05:40.956: [INFO] BookmarkNodeAdded, ABU: 0
2025-09-05 09:05:40.956: [INFO] BookmarkNodeAdded, ABU: 0
2025-09-05 09:05:40.956: [INFO] BookmarkNodeAdded, ABU: 0
2025-09-05 09:05:40.956: [INFO] BookmarkNodeAdded, ABU: 0
2025-09-05 09:05:40.956: [INFO] BookmarkNodeAdded, ABU: 0
2025-09-05 09:05:40.956: [INFO] BookmarkNodeAdded, ABU: 0
2025-09-05 09:05:40.956: [INFO] BookmarkNodeAdded, ABU: 0
2025-09-05 09:05:40.956: [INFO] BookmarkNodeAdded, ABU: 0
2025-09-05 09:05:40.956: [INFO] BookmarkNodeAdded, ABU: 0
2025-09-05 09:05:40.956: [INFO] BookmarkNodeAdded, ABU: 0
2025-09-05 09:05:40.956: [INFO] BookmarkNodeAdded, ABU: 0
2025-09-05 09:05:40.956: [INFO] BookmarkNodeAdded, ABU: 0
2025-09-05 09:05:40.956: [INFO] BookmarkNodeAdded, ABU: 0
2025-09-05 09:05:40.956: [INFO] BookmarkNodeAdded, ABU: 0
2025-09-05 09:05:40.956: [INFO] BookmarkNodeAdded, ABU: 0
2025-09-05 09:05:40.956: [INFO] BookmarkNodeAdded, ABU: 0
2025-09-05 09:05:40.956: [INFO] BookmarkNodeAdded, ABU: 0
2025-09-05 09:05:40.956: [INFO] BookmarkNodeAdded, ABU: 0
2025-09-05 09:05:40.957: [INFO] BookmarkNodeAdded, ABU: 0
2025-09-05 09:05:40.957: [INFO] BookmarkNodeAdded, ABU: 0
2025-09-05 09:05:40.957: [INFO] BookmarkNodeAdded, ABU: 0
2025-09-05 09:05:40.957: [INFO] BookmarkNodeAdded, ABU: 0
2025-09-05 09:05:40.957: [INFO] BookmarkNodeAdded, ABU: 0
2025-09-05 09:05:40.957: [INFO] BookmarkNodeAdded, ABU: 0
2025-09-05 09:05:40.957: [INFO] BookmarkNodeAdded, ABU: 0
2025-09-05 09:05:40.957: [INFO] BookmarkNodeAdded, ABU: 0
2025-09-05 09:05:40.957: [INFO] BookmarkNodeAdded, ABU: 0
2025-09-05 09:05:40.957: [INFO] BookmarkNodeAdded, ABU: 0
2025-09-05 09:05:40.957: [INFO] BookmarkNodeAdded, ABU: 0
2025-09-05 09:05:40.957: [INFO] BookmarkNodeAdded, ABU: 0
2025-09-05 09:05:40.957: [INFO] BookmarkNodeAdded, ABU: 0
2025-09-05 09:05:40.957: [INFO] BookmarkNodeAdded, ABU: 0
2025-09-05 09:05:40.957: [INFO] BookmarkNodeAdded, ABU: 0
2025-09-05 09:05:40.957: [INFO] BookmarkNodeAdded, ABU: 0
2025-09-05 09:05:40.958: [INFO] BookmarkNodeAdded, ABU: 0
2025-09-05 09:05:40.958: [INFO] BookmarkNodeAdded, ABU: 0
2025-09-05 09:05:40.958: [INFO] BookmarkNodeAdded, ABU: 0
2025-09-05 09:05:40.958: [INFO] BookmarkNodeAdded, ABU: 0
2025-09-05 09:05:40.958: [INFO] BookmarkNodeAdded, ABU: 0
2025-09-05 09:05:40.958: [INFO] BookmarkNodeAdded, ABU: 0
2025-09-05 09:05:40.958: [INFO] BookmarkNodeAdded, ABU: 0
2025-09-05 09:05:40.958: [INFO] BookmarkNodeAdded, ABU: 0
2025-09-05 09:05:40.958: [INFO] BookmarkNodeAdded, ABU: 0
2025-09-05 09:05:40.958: [INFO] BookmarkNodeAdded, ABU: 0
2025-09-05 09:05:40.958: [INFO] BookmarkNodeAdded, ABU: 0
2025-09-05 09:05:40.958: [INFO] BookmarkNodeAdded, ABU: 0
2025-09-05 09:05:40.958: [INFO] BookmarkNodeAdded, ABU: 0
2025-09-05 09:05:40.958: [INFO] BookmarkNodeAdded, ABU: 0
2025-09-05 09:05:40.958: [INFO] BookmarkNodeAdded, ABU: 0
2025-09-05 09:05:40.958: [INFO] BookmarkNodeAdded, ABU: 0
2025-09-05 09:05:40.958: [INFO] BookmarkNodeAdded, ABU: 0
2025-09-05 09:05:40.958: [INFO] BookmarkNodeAdded, ABU: 0
2025-09-05 09:05:40.959: [INFO] BookmarkNodeAdded, ABU: 0
2025-09-05 09:05:40.959: [INFO] BookmarkNodeAdded, ABU: 0
2025-09-05 09:05:40.959: [INFO] BookmarkNodeAdded, ABU: 0
2025-09-05 09:05:40.959: [INFO] BookmarkNodeAdded, ABU: 0
2025-09-05 09:05:40.959: [INFO] BookmarkNodeAdded, ABU: 0
2025-09-05 09:05:40.959: [INFO] BookmarkNodeAdded, ABU: 0
2025-09-05 09:05:40.959: [INFO] BookmarkNodeAdded, ABU: 0
2025-09-05 09:05:40.959: [INFO] BookmarkNodeAdded, ABU: 0
2025-09-05 09:05:40.959: [INFO] BookmarkNodeAdded, ABU: 0
2025-09-05 09:05:40.959: [INFO] BookmarkNodeAdded, ABU: 0
2025-09-05 09:05:40.959: [INFO] BookmarkNodeAdded, ABU: 0
2025-09-05 09:05:40.959: [INFO] BookmarkNodeAdded, ABU: 0
2025-09-05 09:05:40.959: [INFO] BookmarkNodeAdded, ABU: 0
2025-09-05 09:05:40.959: [INFO] BookmarkNodeAdded, ABU: 0
2025-09-05 09:05:40.959: [INFO] BookmarkNodeAdded, ABU: 0
2025-09-05 09:05:40.959: [INFO] BookmarkNodeAdded, ABU: 0
2025-09-05 09:05:40.959: [INFO] BookmarkNodeAdded, ABU: 0
2025-09-05 09:05:40.959: [INFO] BookmarkNodeAdded, ABU: 0
2025-09-05 09:05:40.959: [INFO] BookmarkNodeAdded, ABU: 0
2025-09-05 09:05:40.959: [INFO] BookmarkNodeAdded, ABU: 0
2025-09-05 09:05:40.959: [INFO] BookmarkNodeAdded, ABU: 0
2025-09-05 09:05:40.960: [INFO] BookmarkNodeAdded, ABU: 0
2025-09-05 09:05:40.960: [INFO] BookmarkNodeAdded, ABU: 0
2025-09-05 09:05:40.960: [INFO] BookmarkNodeAdded, ABU: 0
2025-09-05 09:05:40.960: [INFO] BookmarkNodeAdded, ABU: 0
2025-09-05 09:05:40.960: [INFO] BookmarkNodeAdded, ABU: 0
2025-09-05 09:05:40.960: [INFO] BookmarkNodeAdded, ABU: 0
2025-09-05 09:05:40.960: [INFO] BookmarkNodeAdded, ABU: 0
2025-09-05 09:05:40.960: [INFO] BookmarkNodeAdded, ABU: 0
2025-09-05 09:05:40.960: [INFO] BookmarkNodeAdded, ABU: 0
2025-09-05 09:05:40.960: [INFO] BookmarkNodeAdded, ABU: 0
2025-09-05 09:05:40.960: [INFO] BookmarkNodeAdded, ABU: 0
2025-09-05 09:05:40.960: [INFO] BookmarkNodeAdded, ABU: 0
2025-09-05 09:06:11.548: [INFO] Sync initialization duration: 40035ms
2025-09-07 12:43:29.642: [INFO] VisibilityChanged: 0
