{"logTime": "0907/025509", "correlationVector":"ANTlOruWAzM1PWac2lHc7x.5","action":"GetUpdates Response", "result":"Success", "context":Received 5 update(s). cV=ANTlOruWAzM1PWac2lHc7x.0;server=akswtt102000002;cloudType=Consumer;environment=Prod_eastus_prod-s01-056-nam-eastus;migrationStage=NotStarted}
{"logTime": "0907/025519", "correlationVector":"D0xYS4yANTwW7+KVYA3p5S","action":"Normal GetUpdate request", "result":"", "context":cV=D0xYS4yANTwW7+KVYA3p5S
Notified types: Device Info, History}
{"logTime": "0907/025519", "correlationVector":"D0xYS4yANTwW7+KVYA3p5S.1","action":"SyncServerConnectionManagerRequest", "result":"SYNC_SERVER_OK", "context":{"environment":"Prod_eastus_prod-s01-056-nam-eastus", "migrationStage":"NotStarted", "server":"akswtt10200000j"}}
{"logTime": "0907/025519", "correlationVector":"D0xYS4yANTwW7+KVYA3p5S.2","action":"ProcessGetUpdates", "result":"Done", "context":{"dataType":"Sessions", "deleted":"0", "process_failed_to_decrypt":"0", "process_pending_decryption":"0", "process_success":"2", "total":"2"}}
{"logTime": "0907/025519", "correlationVector":"D0xYS4yANTwW7+KVYA3p5S.3","action":"ProcessGetUpdates", "result":"Done", "context":{"dataType":"Device Info", "deleted":"0", "process_failed_to_decrypt":"0", "process_pending_decryption":"0", "process_success":"1", "total":"1"}}
{"logTime": "0907/025519", "correlationVector":"D0xYS4yANTwW7+KVYA3p5S.4","action":"ProcessGetUpdates", "result":"Done", "context":{"dataType":"History", "deleted":"0", "process_failed_to_decrypt":"0", "process_pending_decryption":"0", "process_success":"1", "total":"1"}}
{"logTime": "0907/025519", "correlationVector":"D0xYS4yANTwW7+KVYA3p5S.5","action":"GetUpdates Response", "result":"Success", "context":Received 4 update(s). cV=D0xYS4yANTwW7+KVYA3p5S.0;server=akswtt10200000j;cloudType=Consumer;environment=Prod_eastus_prod-s01-056-nam-eastus;migrationStage=NotStarted}
{"logTime": "0907/025638", "correlationVector":"gKb7G77h52XRuWr5ELdsm4","action":"Normal GetUpdate request", "result":"", "context":cV=gKb7G77h52XRuWr5ELdsm4
Notified types: History}
{"logTime": "0907/025638", "correlationVector":"gKb7G77h52XRuWr5ELdsm4.1","action":"SyncServerConnectionManagerRequest", "result":"SYNC_SERVER_OK", "context":{"environment":"Prod_eastus_prod-s01-056-nam-eastus", "migrationStage":"NotStarted", "server":"akswtt10200000q"}}
{"logTime": "0907/025638", "correlationVector":"gKb7G77h52XRuWr5ELdsm4.2","action":"ProcessGetUpdates", "result":"Done", "context":{"dataType":"Sessions", "deleted":"0", "process_failed_to_decrypt":"0", "process_pending_decryption":"0", "process_success":"2", "total":"2"}}
{"logTime": "0907/025638", "correlationVector":"gKb7G77h52XRuWr5ELdsm4.3","action":"ProcessGetUpdates", "result":"Done", "context":{"dataType":"History", "deleted":"0", "process_failed_to_decrypt":"0", "process_pending_decryption":"0", "process_success":"1", "total":"1"}}
{"logTime": "0907/025638", "correlationVector":"gKb7G77h52XRuWr5ELdsm4.4","action":"GetUpdates Response", "result":"Success", "context":Received 3 update(s). cV=gKb7G77h52XRuWr5ELdsm4.0;server=akswtt10200000q;cloudType=Consumer;environment=Prod_eastus_prod-s01-056-nam-eastus;migrationStage=NotStarted}
{"logTime": "0907/025843", "correlationVector":"/87xSEgPhzxTxcag/fUKlJ","action":"Normal GetUpdate request", "result":"", "context":cV=/87xSEgPhzxTxcag/fUKlJ
Notified types: Device Info}
{"logTime": "0907/025843", "correlationVector":"/87xSEgPhzxTxcag/fUKlJ.1","action":"SyncServerConnectionManagerRequest", "result":"SYNC_SERVER_OK", "context":{"environment":"Prod_eastus2_prod-s01-050-nam-eastus2", "migrationStage":"NotStarted", "server":"akswtt10200001a"}}
{"logTime": "0907/025843", "correlationVector":"/87xSEgPhzxTxcag/fUKlJ.2","action":"ProcessGetUpdates", "result":"Done", "context":{"dataType":"Device Info", "deleted":"0", "process_failed_to_decrypt":"0", "process_pending_decryption":"0", "process_success":"1", "total":"1"}}
{"logTime": "0907/025843", "correlationVector":"/87xSEgPhzxTxcag/fUKlJ.3","action":"GetUpdates Response", "result":"Success", "context":Received 1 update(s). cV=/87xSEgPhzxTxcag/fUKlJ.0;server=akswtt10200001a;cloudType=Consumer;environment=Prod_eastus2_prod-s01-050-nam-eastus2;migrationStage=NotStarted}
{"logTime": "0907/030041", "correlationVector":"owMQ31oiImqsacUGkRWHTj","action":"Normal GetUpdate request", "result":"", "context":cV=owMQ31oiImqsacUGkRWHTj
Notified types: History}
{"logTime": "0907/030041", "correlationVector":"owMQ31oiImqsacUGkRWHTj.1","action":"SyncServerConnectionManagerRequest", "result":"SYNC_SERVER_OK", "context":{"environment":"Prod_eastus_prod-s01-056-nam-eastus", "migrationStage":"NotStarted", "server":"akswtt10200000i"}}
{"logTime": "0907/030041", "correlationVector":"owMQ31oiImqsacUGkRWHTj.2","action":"ProcessGetUpdates", "result":"Done", "context":{"dataType":"Sessions", "deleted":"0", "process_failed_to_decrypt":"0", "process_pending_decryption":"0", "process_success":"1", "total":"1"}}
{"logTime": "0907/030041", "correlationVector":"owMQ31oiImqsacUGkRWHTj.3","action":"ProcessGetUpdates", "result":"Done", "context":{"dataType":"History", "deleted":"0", "process_failed_to_decrypt":"0", "process_pending_decryption":"0", "process_success":"22", "total":"22"}}
{"logTime": "0907/030041", "correlationVector":"owMQ31oiImqsacUGkRWHTj.4","action":"GetUpdates Response", "result":"Success", "context":Received 23 update(s). cV=owMQ31oiImqsacUGkRWHTj.0;server=akswtt10200000i;cloudType=Consumer;environment=Prod_eastus_prod-s01-056-nam-eastus;migrationStage=NotStarted}
{"logTime": "0907/030142", "correlationVector":"imjG3uYUD2cQjtpQsxw1qE","action":"Normal GetUpdate request", "result":"", "context":cV=imjG3uYUD2cQjtpQsxw1qE
Notified types: History}
{"logTime": "0907/030142", "correlationVector":"imjG3uYUD2cQjtpQsxw1qE.1","action":"SyncServerConnectionManagerRequest", "result":"SYNC_SERVER_OK", "context":{"environment":"Prod_eastus_prod-s01-056-nam-eastus", "migrationStage":"NotStarted", "server":"akswtt102000002"}}
{"logTime": "0907/030142", "correlationVector":"imjG3uYUD2cQjtpQsxw1qE.2","action":"ProcessGetUpdates", "result":"Done", "context":{"dataType":"Sessions", "deleted":"0", "process_failed_to_decrypt":"0", "process_pending_decryption":"0", "process_success":"1", "total":"1"}}
{"logTime": "0907/030142", "correlationVector":"imjG3uYUD2cQjtpQsxw1qE.3","action":"ProcessGetUpdates", "result":"Done", "context":{"dataType":"History", "deleted":"0", "process_failed_to_decrypt":"0", "process_pending_decryption":"0", "process_success":"16", "total":"16"}}
{"logTime": "0907/030142", "correlationVector":"imjG3uYUD2cQjtpQsxw1qE.4","action":"GetUpdates Response", "result":"Success", "context":Received 17 update(s). cV=imjG3uYUD2cQjtpQsxw1qE.0;server=akswtt102000002;cloudType=Consumer;environment=Prod_eastus_prod-s01-056-nam-eastus;migrationStage=NotStarted}
{"logTime": "0907/030240", "correlationVector":"35u2A946F+WVVucYTV0Vtw","action":"Normal GetUpdate request", "result":"", "context":cV=35u2A946F+WVVucYTV0Vtw
Notified types: Device Info, History}
{"logTime": "0907/030240", "correlationVector":"35u2A946F+WVVucYTV0Vtw.1","action":"SyncServerConnectionManagerRequest", "result":"SYNC_SERVER_OK", "context":{"environment":"Prod_eastus_prod-s01-056-nam-eastus", "migrationStage":"NotStarted", "server":"akswtt10200000i"}}
{"logTime": "0907/030240", "correlationVector":"35u2A946F+WVVucYTV0Vtw.2","action":"ProcessGetUpdates", "result":"Done", "context":{"dataType":"Sessions", "deleted":"0", "process_failed_to_decrypt":"0", "process_pending_decryption":"0", "process_success":"1", "total":"1"}}
{"logTime": "0907/030240", "correlationVector":"35u2A946F+WVVucYTV0Vtw.3","action":"ProcessGetUpdates", "result":"Done", "context":{"dataType":"Device Info", "deleted":"0", "process_failed_to_decrypt":"0", "process_pending_decryption":"0", "process_success":"1", "total":"1"}}
{"logTime": "0907/030240", "correlationVector":"35u2A946F+WVVucYTV0Vtw.4","action":"ProcessGetUpdates", "result":"Done", "context":{"dataType":"History", "deleted":"0", "process_failed_to_decrypt":"0", "process_pending_decryption":"0", "process_success":"7", "total":"7"}}
{"logTime": "0907/030240", "correlationVector":"35u2A946F+WVVucYTV0Vtw.5","action":"GetUpdates Response", "result":"Success", "context":Received 9 update(s). cV=35u2A946F+WVVucYTV0Vtw.0;server=akswtt10200000i;cloudType=Consumer;environment=Prod_eastus_prod-s01-056-nam-eastus;migrationStage=NotStarted}
{"logTime": "0907/030340", "correlationVector":"coVK9gyVon9ob833LiMPul","action":"Normal GetUpdate request", "result":"", "context":cV=coVK9gyVon9ob833LiMPul
Notified types: History}
{"logTime": "0907/030341", "correlationVector":"coVK9gyVon9ob833LiMPul.1","action":"SyncServerConnectionManagerRequest", "result":"SYNC_SERVER_OK", "context":{"environment":"Prod_eastus_prod-s01-056-nam-eastus", "migrationStage":"NotStarted", "server":"akswtt102000006"}}
{"logTime": "0907/030341", "correlationVector":"coVK9gyVon9ob833LiMPul.2","action":"ProcessGetUpdates", "result":"Done", "context":{"dataType":"Sessions", "deleted":"0", "process_failed_to_decrypt":"0", "process_pending_decryption":"0", "process_success":"2", "total":"2"}}
{"logTime": "0907/030341", "correlationVector":"coVK9gyVon9ob833LiMPul.3","action":"ProcessGetUpdates", "result":"Done", "context":{"dataType":"History", "deleted":"0", "process_failed_to_decrypt":"0", "process_pending_decryption":"0", "process_success":"5", "total":"5"}}
{"logTime": "0907/030341", "correlationVector":"coVK9gyVon9ob833LiMPul.4","action":"GetUpdates Response", "result":"Success", "context":Received 7 update(s). cV=coVK9gyVon9ob833LiMPul.0;server=akswtt102000006;cloudType=Consumer;environment=Prod_eastus_prod-s01-056-nam-eastus;migrationStage=NotStarted}
{"logTime": "0907/030454", "correlationVector":"vxqcPdn2YylsFM689izNb6","action":"Normal GetUpdate request", "result":"", "context":cV=vxqcPdn2YylsFM689izNb6
Notified types: History}
{"logTime": "0907/030454", "correlationVector":"vxqcPdn2YylsFM689izNb6.1","action":"SyncServerConnectionManagerRequest", "result":"SYNC_SERVER_OK", "context":{"environment":"Prod_eastus_prod-s01-056-nam-eastus", "migrationStage":"NotStarted", "server":"akswtt10200000i"}}
{"logTime": "0907/030454", "correlationVector":"vxqcPdn2YylsFM689izNb6.2","action":"ProcessGetUpdates", "result":"Done", "context":{"dataType":"Sessions", "deleted":"0", "process_failed_to_decrypt":"0", "process_pending_decryption":"0", "process_success":"4", "total":"4"}}
{"logTime": "0907/030454", "correlationVector":"vxqcPdn2YylsFM689izNb6.3","action":"ProcessGetUpdates", "result":"Done", "context":{"dataType":"History", "deleted":"0", "process_failed_to_decrypt":"0", "process_pending_decryption":"0", "process_success":"21", "total":"21"}}
{"logTime": "0907/030454", "correlationVector":"vxqcPdn2YylsFM689izNb6.4","action":"GetUpdates Response", "result":"Success", "context":Received 25 update(s). cV=vxqcPdn2YylsFM689izNb6.0;server=akswtt10200000i;cloudType=Consumer;environment=Prod_eastus_prod-s01-056-nam-eastus;migrationStage=NotStarted}
{"logTime": "0907/030539", "correlationVector":"AgUDznjyPyFqNppHxaaYpr","action":"Normal GetUpdate request", "result":"", "context":cV=AgUDznjyPyFqNppHxaaYpr
Notified types: Device Info, History}
{"logTime": "0907/030539", "correlationVector":"AgUDznjyPyFqNppHxaaYpr.1","action":"SyncServerConnectionManagerRequest", "result":"SYNC_SERVER_OK", "context":{"environment":"Prod_eastus_prod-s01-056-nam-eastus", "migrationStage":"NotStarted", "server":"akswtt102000004"}}
{"logTime": "0907/030539", "correlationVector":"AgUDznjyPyFqNppHxaaYpr.2","action":"ProcessGetUpdates", "result":"Done", "context":{"dataType":"Sessions", "deleted":"0", "process_failed_to_decrypt":"0", "process_pending_decryption":"0", "process_success":"2", "total":"2"}}
{"logTime": "0907/030539", "correlationVector":"AgUDznjyPyFqNppHxaaYpr.3","action":"ProcessGetUpdates", "result":"Done", "context":{"dataType":"Device Info", "deleted":"0", "process_failed_to_decrypt":"0", "process_pending_decryption":"0", "process_success":"1", "total":"1"}}
{"logTime": "0907/030539", "correlationVector":"AgUDznjyPyFqNppHxaaYpr.4","action":"ProcessGetUpdates", "result":"Done", "context":{"dataType":"History", "deleted":"0", "process_failed_to_decrypt":"0", "process_pending_decryption":"0", "process_success":"4", "total":"4"}}
{"logTime": "0907/030539", "correlationVector":"AgUDznjyPyFqNppHxaaYpr.5","action":"GetUpdates Response", "result":"Success", "context":Received 7 update(s). cV=AgUDznjyPyFqNppHxaaYpr.0;server=akswtt102000004;cloudType=Consumer;environment=Prod_eastus_prod-s01-056-nam-eastus;migrationStage=NotStarted}
{"logTime": "0907/030544", "correlationVector":"CD7Grq3hZQJVPA6zRLugVU","action":"Normal GetUpdate request", "result":"", "context":cV=CD7Grq3hZQJVPA6zRLugVU
Notified types: Bookmarks, History}
{"logTime": "0907/030544", "correlationVector":"CD7Grq3hZQJVPA6zRLugVU.1","action":"SyncServerConnectionManagerRequest", "result":"SYNC_SERVER_OK", "context":{"environment":"Prod_eastus_prod-s01-056-nam-eastus", "migrationStage":"NotStarted", "server":"akswtt102000001"}}
{"logTime": "0907/030544", "correlationVector":"CD7Grq3hZQJVPA6zRLugVU.2","action":"ProcessGetUpdates", "result":"Done", "context":{"dataType":"Bookmarks", "deleted":"0", "process_failed_to_decrypt":"0", "process_pending_decryption":"0", "process_success":"1", "total":"1"}}
{"logTime": "0907/030544", "correlationVector":"CD7Grq3hZQJVPA6zRLugVU.3","action":"ProcessGetUpdates", "result":"Done", "context":{"dataType":"Sessions", "deleted":"0", "process_failed_to_decrypt":"0", "process_pending_decryption":"0", "process_success":"2", "total":"2"}}
{"logTime": "0907/030544", "correlationVector":"CD7Grq3hZQJVPA6zRLugVU.4","action":"ProcessGetUpdates", "result":"Done", "context":{"dataType":"History", "deleted":"0", "process_failed_to_decrypt":"0", "process_pending_decryption":"0", "process_success":"1", "total":"1"}}
{"logTime": "0907/030544", "correlationVector":"CD7Grq3hZQJVPA6zRLugVU.5","action":"GetUpdates Response", "result":"Success", "context":Received 4 update(s). cV=CD7Grq3hZQJVPA6zRLugVU.0;server=akswtt102000001;cloudType=Consumer;environment=Prod_eastus_prod-s01-056-nam-eastus;migrationStage=NotStarted}
{"logTime": "0907/030548", "correlationVector":"gRLLwjZIE5vFEv873am/+x","action":"Normal GetUpdate request", "result":"", "context":cV=gRLLwjZIE5vFEv873am/+x
Notified types: Bookmarks, History}
{"logTime": "0907/030548", "correlationVector":"gRLLwjZIE5vFEv873am/+x.1","action":"SyncServerConnectionManagerRequest", "result":"SYNC_SERVER_OK", "context":{"environment":"Prod_eastus_prod-s01-056-nam-eastus", "migrationStage":"NotStarted", "server":"akswtt102000002"}}
{"logTime": "0907/030548", "correlationVector":"gRLLwjZIE5vFEv873am/+x.2","action":"ProcessGetUpdates", "result":"Done", "context":{"dataType":"Bookmarks", "deleted":"0", "process_failed_to_decrypt":"0", "process_pending_decryption":"0", "process_success":"2", "total":"2"}}
{"logTime": "0907/030548", "correlationVector":"gRLLwjZIE5vFEv873am/+x.3","action":"ProcessGetUpdates", "result":"Done", "context":{"dataType":"Sessions", "deleted":"0", "process_failed_to_decrypt":"0", "process_pending_decryption":"0", "process_success":"1", "total":"1"}}
{"logTime": "0907/030548", "correlationVector":"gRLLwjZIE5vFEv873am/+x.4","action":"ProcessGetUpdates", "result":"Done", "context":{"dataType":"History", "deleted":"0", "process_failed_to_decrypt":"0", "process_pending_decryption":"0", "process_success":"3", "total":"3"}}
{"logTime": "0907/030548", "correlationVector":"gRLLwjZIE5vFEv873am/+x.5","action":"GetUpdates Response", "result":"Success", "context":Received 6 update(s). cV=gRLLwjZIE5vFEv873am/+x.0;server=akswtt102000002;cloudType=Consumer;environment=Prod_eastus_prod-s01-056-nam-eastus;migrationStage=NotStarted}
{"logTime": "0907/030654", "correlationVector":"mSRU1MxnHk7pLBdNaAyaLc","action":"Normal GetUpdate request", "result":"", "context":cV=mSRU1MxnHk7pLBdNaAyaLc
Notified types: History}
{"logTime": "0907/030654", "correlationVector":"mSRU1MxnHk7pLBdNaAyaLc.1","action":"SyncServerConnectionManagerRequest", "result":"SYNC_SERVER_OK", "context":{"environment":"Prod_eastus_prod-s01-056-nam-eastus", "migrationStage":"NotStarted", "server":"akswtt10200000k"}}
{"logTime": "0907/030654", "correlationVector":"mSRU1MxnHk7pLBdNaAyaLc.2","action":"ProcessGetUpdates", "result":"Done", "context":{"dataType":"Sessions", "deleted":"3", "process_failed_to_decrypt":"0", "process_pending_decryption":"0", "process_success":"7", "total":"7"}}
{"logTime": "0907/030654", "correlationVector":"mSRU1MxnHk7pLBdNaAyaLc.3","action":"ProcessGetUpdates", "result":"Done", "context":{"dataType":"History", "deleted":"0", "process_failed_to_decrypt":"0", "process_pending_decryption":"0", "process_success":"8", "total":"8"}}
{"logTime": "0907/030654", "correlationVector":"mSRU1MxnHk7pLBdNaAyaLc.4","action":"GetUpdates Response", "result":"Success", "context":Received 15 update(s). cV=mSRU1MxnHk7pLBdNaAyaLc.0;server=akswtt10200000k;cloudType=Consumer;environment=Prod_eastus_prod-s01-056-nam-eastus;migrationStage=NotStarted}
{"logTime": "0907/030755", "correlationVector":"XqoBCY1FhdbhveTsVIoR+x","action":"Normal GetUpdate request", "result":"", "context":cV=XqoBCY1FhdbhveTsVIoR+x
Notified types: History}
{"logTime": "0907/030755", "correlationVector":"XqoBCY1FhdbhveTsVIoR+x.1","action":"SyncServerConnectionManagerRequest", "result":"SYNC_SERVER_OK", "context":{"environment":"Prod_eastus_prod-s01-056-nam-eastus", "migrationStage":"NotStarted", "server":"akswtt10200000f"}}
{"logTime": "0907/030755", "correlationVector":"XqoBCY1FhdbhveTsVIoR+x.2","action":"ProcessGetUpdates", "result":"Done", "context":{"dataType":"Sessions", "deleted":"0", "process_failed_to_decrypt":"0", "process_pending_decryption":"0", "process_success":"2", "total":"2"}}
{"logTime": "0907/030755", "correlationVector":"XqoBCY1FhdbhveTsVIoR+x.3","action":"ProcessGetUpdates", "result":"Done", "context":{"dataType":"History", "deleted":"0", "process_failed_to_decrypt":"0", "process_pending_decryption":"0", "process_success":"8", "total":"8"}}
{"logTime": "0907/030755", "correlationVector":"XqoBCY1FhdbhveTsVIoR+x.4","action":"GetUpdates Response", "result":"Success", "context":Received 10 update(s). cV=XqoBCY1FhdbhveTsVIoR+x.0;server=akswtt10200000f;cloudType=Consumer;environment=Prod_eastus_prod-s01-056-nam-eastus;migrationStage=NotStarted}
{"logTime": "0907/030855", "correlationVector":"O/ejcF0/8lrtjDuQWsO5Uc","action":"Normal GetUpdate request", "result":"", "context":cV=O/ejcF0/8lrtjDuQWsO5Uc
Notified types: History}
{"logTime": "0907/030856", "correlationVector":"O/ejcF0/8lrtjDuQWsO5Uc.1","action":"SyncServerConnectionManagerRequest", "result":"SYNC_SERVER_OK", "context":{"environment":"Prod_eastus_prod-s01-056-nam-eastus", "migrationStage":"NotStarted", "server":"akswtt10200000i"}}
{"logTime": "0907/030856", "correlationVector":"O/ejcF0/8lrtjDuQWsO5Uc.2","action":"ProcessGetUpdates", "result":"Done", "context":{"dataType":"Sessions", "deleted":"0", "process_failed_to_decrypt":"0", "process_pending_decryption":"0", "process_success":"3", "total":"3"}}
{"logTime": "0907/030856", "correlationVector":"O/ejcF0/8lrtjDuQWsO5Uc.3","action":"ProcessGetUpdates", "result":"Done", "context":{"dataType":"History", "deleted":"0", "process_failed_to_decrypt":"0", "process_pending_decryption":"0", "process_success":"8", "total":"8"}}
{"logTime": "0907/030856", "correlationVector":"O/ejcF0/8lrtjDuQWsO5Uc.4","action":"GetUpdates Response", "result":"Success", "context":Received 11 update(s). cV=O/ejcF0/8lrtjDuQWsO5Uc.0;server=akswtt10200000i;cloudType=Consumer;environment=Prod_eastus_prod-s01-056-nam-eastus;migrationStage=NotStarted}
{"logTime": "0907/030956", "correlationVector":"yMbT3iGT8FyJX88SAVpYEa","action":"Normal GetUpdate request", "result":"", "context":cV=yMbT3iGT8FyJX88SAVpYEa
Notified types: History}
{"logTime": "0907/030956", "correlationVector":"yMbT3iGT8FyJX88SAVpYEa.1","action":"SyncServerConnectionManagerRequest", "result":"SYNC_SERVER_OK", "context":{"environment":"Prod_eastus_prod-s01-056-nam-eastus", "migrationStage":"NotStarted", "server":"akswtt10200000f"}}
{"logTime": "0907/030956", "correlationVector":"yMbT3iGT8FyJX88SAVpYEa.2","action":"ProcessGetUpdates", "result":"Done", "context":{"dataType":"Sessions", "deleted":"0", "process_failed_to_decrypt":"0", "process_pending_decryption":"0", "process_success":"3", "total":"3"}}
{"logTime": "0907/030956", "correlationVector":"yMbT3iGT8FyJX88SAVpYEa.3","action":"ProcessGetUpdates", "result":"Done", "context":{"dataType":"History", "deleted":"0", "process_failed_to_decrypt":"0", "process_pending_decryption":"0", "process_success":"8", "total":"8"}}
{"logTime": "0907/030956", "correlationVector":"yMbT3iGT8FyJX88SAVpYEa.4","action":"GetUpdates Response", "result":"Success", "context":Received 11 update(s). cV=yMbT3iGT8FyJX88SAVpYEa.0;server=akswtt10200000f;cloudType=Consumer;environment=Prod_eastus_prod-s01-056-nam-eastus;migrationStage=NotStarted}
{"logTime": "0907/031102", "correlationVector":"nVvOXGLAHCmXKSsUshoifb","action":"Normal GetUpdate request", "result":"", "context":cV=nVvOXGLAHCmXKSsUshoifb
Notified types: History}
{"logTime": "0907/031103", "correlationVector":"nVvOXGLAHCmXKSsUshoifb.1","action":"SyncServerConnectionManagerRequest", "result":"SYNC_SERVER_OK", "context":{"environment":"Prod_eastus2_prod-s01-050-nam-eastus2", "migrationStage":"NotStarted", "server":"akswtt10200001m"}}
{"logTime": "0907/031103", "correlationVector":"nVvOXGLAHCmXKSsUshoifb.2","action":"ProcessGetUpdates", "result":"Done", "context":{"dataType":"Sessions", "deleted":"0", "process_failed_to_decrypt":"0", "process_pending_decryption":"0", "process_success":"2", "total":"2"}}
{"logTime": "0907/031103", "correlationVector":"nVvOXGLAHCmXKSsUshoifb.3","action":"ProcessGetUpdates", "result":"Done", "context":{"dataType":"History", "deleted":"0", "process_failed_to_decrypt":"0", "process_pending_decryption":"0", "process_success":"10", "total":"10"}}
{"logTime": "0907/031103", "correlationVector":"nVvOXGLAHCmXKSsUshoifb.4","action":"GetUpdates Response", "result":"Success", "context":Received 12 update(s). cV=nVvOXGLAHCmXKSsUshoifb.0;server=akswtt10200001m;cloudType=Consumer;environment=Prod_eastus2_prod-s01-050-nam-eastus2;migrationStage=NotStarted}
{"logTime": "0907/031210", "correlationVector":"bbrLdEYo5iGAujw/Qwqo7+","action":"Normal GetUpdate request", "result":"", "context":cV=bbrLdEYo5iGAujw/Qwqo7+
Notified types: History}
{"logTime": "0907/031210", "correlationVector":"bbrLdEYo5iGAujw/Qwqo7+.1","action":"SyncServerConnectionManagerRequest", "result":"SYNC_SERVER_OK", "context":{"environment":"Prod_eastus_prod-s01-056-nam-eastus", "migrationStage":"NotStarted", "server":"akswtt10200000f"}}
{"logTime": "0907/031210", "correlationVector":"bbrLdEYo5iGAujw/Qwqo7+.2","action":"ProcessGetUpdates", "result":"Done", "context":{"dataType":"Sessions", "deleted":"0", "process_failed_to_decrypt":"0", "process_pending_decryption":"0", "process_success":"4", "total":"4"}}
{"logTime": "0907/031210", "correlationVector":"bbrLdEYo5iGAujw/Qwqo7+.3","action":"ProcessGetUpdates", "result":"Done", "context":{"dataType":"History", "deleted":"0", "process_failed_to_decrypt":"0", "process_pending_decryption":"0", "process_success":"5", "total":"5"}}
{"logTime": "0907/031210", "correlationVector":"bbrLdEYo5iGAujw/Qwqo7+.4","action":"GetUpdates Response", "result":"Success", "context":Received 9 update(s). cV=bbrLdEYo5iGAujw/Qwqo7+.0;server=akswtt10200000f;cloudType=Consumer;environment=Prod_eastus_prod-s01-056-nam-eastus;migrationStage=NotStarted}
{"logTime": "0907/031311", "correlationVector":"y4+zRnOadk9y7/XVPbipWR","action":"Normal GetUpdate request", "result":"", "context":cV=y4+zRnOadk9y7/XVPbipWR
Notified types: History}
{"logTime": "0907/031311", "correlationVector":"y4+zRnOadk9y7/XVPbipWR.1","action":"SyncServerConnectionManagerRequest", "result":"SYNC_SERVER_OK", "context":{"environment":"Prod_eastus_prod-s01-056-nam-eastus", "migrationStage":"NotStarted", "server":"akswtt10200000f"}}
{"logTime": "0907/031311", "correlationVector":"y4+zRnOadk9y7/XVPbipWR.2","action":"ProcessGetUpdates", "result":"Done", "context":{"dataType":"Sessions", "deleted":"0", "process_failed_to_decrypt":"0", "process_pending_decryption":"0", "process_success":"2", "total":"2"}}
{"logTime": "0907/031311", "correlationVector":"y4+zRnOadk9y7/XVPbipWR.3","action":"ProcessGetUpdates", "result":"Done", "context":{"dataType":"History", "deleted":"0", "process_failed_to_decrypt":"0", "process_pending_decryption":"0", "process_success":"9", "total":"9"}}
{"logTime": "0907/031311", "correlationVector":"y4+zRnOadk9y7/XVPbipWR.4","action":"GetUpdates Response", "result":"Success", "context":Received 11 update(s). cV=y4+zRnOadk9y7/XVPbipWR.0;server=akswtt10200000f;cloudType=Consumer;environment=Prod_eastus_prod-s01-056-nam-eastus;migrationStage=NotStarted}
{"logTime": "0907/031401", "correlationVector":"2C9WezJ9F/9uuEH8DW6NNf","action":"Normal GetUpdate request", "result":"", "context":cV=2C9WezJ9F/9uuEH8DW6NNf
Notified types: Autofill, History}
{"logTime": "0907/031402", "correlationVector":"2C9WezJ9F/9uuEH8DW6NNf.1","action":"SyncServerConnectionManagerRequest", "result":"SYNC_SERVER_OK", "context":{"environment":"Prod_canadacentral_prod-s01-021-nam-canadacentral", "migrationStage":"NotStarted", "server":"akswtt10200000t"}}
{"logTime": "0907/031402", "correlationVector":"2C9WezJ9F/9uuEH8DW6NNf.2","action":"ProcessGetUpdates", "result":"Done", "context":{"dataType":"Autofill", "deleted":"0", "process_failed_to_decrypt":"0", "process_pending_decryption":"0", "process_success":"1", "total":"1"}}
{"logTime": "0907/031402", "correlationVector":"2C9WezJ9F/9uuEH8DW6NNf.3","action":"ProcessGetUpdates", "result":"Done", "context":{"dataType":"Sessions", "deleted":"0", "process_failed_to_decrypt":"0", "process_pending_decryption":"0", "process_success":"1", "total":"1"}}
{"logTime": "0907/031402", "correlationVector":"2C9WezJ9F/9uuEH8DW6NNf.4","action":"ProcessGetUpdates", "result":"Done", "context":{"dataType":"History", "deleted":"0", "process_failed_to_decrypt":"0", "process_pending_decryption":"0", "process_success":"3", "total":"3"}}
{"logTime": "0907/031402", "correlationVector":"2C9WezJ9F/9uuEH8DW6NNf.5","action":"GetUpdates Response", "result":"Success", "context":Received 5 update(s). cV=2C9WezJ9F/9uuEH8DW6NNf.0;server=akswtt10200000t;cloudType=Consumer;environment=Prod_canadacentral_prod-s01-021-nam-canadacentral;migrationStage=NotStarted}
{"logTime": "0907/031458", "correlationVector":"6O1B0QLnMM4yfXnxcuxUIt","action":"Normal GetUpdate request", "result":"", "context":cV=6O1B0QLnMM4yfXnxcuxUIt
Notified types: Autofill, History}
{"logTime": "0907/031458", "correlationVector":"6O1B0QLnMM4yfXnxcuxUIt.1","action":"SyncServerConnectionManagerRequest", "result":"SYNC_SERVER_OK", "context":{"environment":"Prod_eastus_prod-s01-056-nam-eastus", "migrationStage":"NotStarted", "server":"akswtt10200000c"}}
{"logTime": "0907/031458", "correlationVector":"6O1B0QLnMM4yfXnxcuxUIt.2","action":"ProcessGetUpdates", "result":"Done", "context":{"dataType":"Autofill", "deleted":"0", "process_failed_to_decrypt":"0", "process_pending_decryption":"0", "process_success":"1", "total":"1"}}
{"logTime": "0907/031458", "correlationVector":"6O1B0QLnMM4yfXnxcuxUIt.3","action":"ProcessGetUpdates", "result":"Done", "context":{"dataType":"Sessions", "deleted":"0", "process_failed_to_decrypt":"0", "process_pending_decryption":"0", "process_success":"7", "total":"7"}}
{"logTime": "0907/031458", "correlationVector":"6O1B0QLnMM4yfXnxcuxUIt.4","action":"ProcessGetUpdates", "result":"Done", "context":{"dataType":"History", "deleted":"0", "process_failed_to_decrypt":"0", "process_pending_decryption":"0", "process_success":"12", "total":"12"}}
{"logTime": "0907/031458", "correlationVector":"6O1B0QLnMM4yfXnxcuxUIt.5","action":"GetUpdates Response", "result":"Success", "context":Received 20 update(s). cV=6O1B0QLnMM4yfXnxcuxUIt.0;server=akswtt10200000c;cloudType=Consumer;environment=Prod_eastus_prod-s01-056-nam-eastus;migrationStage=NotStarted}
{"logTime": "0907/031602", "correlationVector":"EtM27n5A6FmvVOruQxoedb","action":"Normal GetUpdate request", "result":"", "context":cV=EtM27n5A6FmvVOruQxoedb
Notified types: History}
{"logTime": "0907/031602", "correlationVector":"EtM27n5A6FmvVOruQxoedb.1","action":"SyncServerConnectionManagerRequest", "result":"SYNC_SERVER_OK", "context":{"environment":"Prod_eastus_prod-s01-056-nam-eastus", "migrationStage":"NotStarted", "server":"akswtt10200000n"}}
{"logTime": "0907/031602", "correlationVector":"EtM27n5A6FmvVOruQxoedb.2","action":"ProcessGetUpdates", "result":"Done", "context":{"dataType":"Sessions", "deleted":"0", "process_failed_to_decrypt":"0", "process_pending_decryption":"0", "process_success":"2", "total":"2"}}
{"logTime": "0907/031602", "correlationVector":"EtM27n5A6FmvVOruQxoedb.3","action":"ProcessGetUpdates", "result":"Done", "context":{"dataType":"History", "deleted":"0", "process_failed_to_decrypt":"0", "process_pending_decryption":"0", "process_success":"6", "total":"6"}}
{"logTime": "0907/031602", "correlationVector":"EtM27n5A6FmvVOruQxoedb.4","action":"GetUpdates Response", "result":"Success", "context":Received 8 update(s). cV=EtM27n5A6FmvVOruQxoedb.0;server=akswtt10200000n;cloudType=Consumer;environment=Prod_eastus_prod-s01-056-nam-eastus;migrationStage=NotStarted}
{"logTime": "0907/031705", "correlationVector":"Q7VFi5CE8qwAyf70Rxbrat","action":"Normal GetUpdate request", "result":"", "context":cV=Q7VFi5CE8qwAyf70Rxbrat
Notified types: History}
{"logTime": "0907/031705", "correlationVector":"Q7VFi5CE8qwAyf70Rxbrat.1","action":"SyncServerConnectionManagerRequest", "result":"SYNC_SERVER_OK", "context":{"environment":"Prod_eastus_prod-s01-056-nam-eastus", "migrationStage":"NotStarted", "server":"akswtt10200000c"}}
{"logTime": "0907/031705", "correlationVector":"Q7VFi5CE8qwAyf70Rxbrat.2","action":"ProcessGetUpdates", "result":"Done", "context":{"dataType":"Sessions", "deleted":"0", "process_failed_to_decrypt":"0", "process_pending_decryption":"0", "process_success":"2", "total":"2"}}
{"logTime": "0907/031705", "correlationVector":"Q7VFi5CE8qwAyf70Rxbrat.3","action":"ProcessGetUpdates", "result":"Done", "context":{"dataType":"History", "deleted":"0", "process_failed_to_decrypt":"0", "process_pending_decryption":"0", "process_success":"8", "total":"8"}}
{"logTime": "0907/031705", "correlationVector":"Q7VFi5CE8qwAyf70Rxbrat.4","action":"GetUpdates Response", "result":"Success", "context":Received 10 update(s). cV=Q7VFi5CE8qwAyf70Rxbrat.0;server=akswtt10200000c;cloudType=Consumer;environment=Prod_eastus_prod-s01-056-nam-eastus;migrationStage=NotStarted}
{"logTime": "0907/031819", "correlationVector":"mgDb9ewMkw+iAB3/IlJjqg","action":"Normal GetUpdate request", "result":"", "context":cV=mgDb9ewMkw+iAB3/IlJjqg
Notified types: History}
{"logTime": "0907/031819", "correlationVector":"mgDb9ewMkw+iAB3/IlJjqg.1","action":"SyncServerConnectionManagerRequest", "result":"SYNC_SERVER_OK", "context":{"environment":"Prod_eastus_prod-s01-056-nam-eastus", "migrationStage":"NotStarted", "server":"akswtt102000006"}}
{"logTime": "0907/031819", "correlationVector":"mgDb9ewMkw+iAB3/IlJjqg.2","action":"ProcessGetUpdates", "result":"Done", "context":{"dataType":"Sessions", "deleted":"0", "process_failed_to_decrypt":"0", "process_pending_decryption":"0", "process_success":"3", "total":"3"}}
{"logTime": "0907/031819", "correlationVector":"mgDb9ewMkw+iAB3/IlJjqg.3","action":"ProcessGetUpdates", "result":"Done", "context":{"dataType":"History", "deleted":"0", "process_failed_to_decrypt":"0", "process_pending_decryption":"0", "process_success":"2", "total":"2"}}
{"logTime": "0907/031819", "correlationVector":"mgDb9ewMkw+iAB3/IlJjqg.4","action":"GetUpdates Response", "result":"Success", "context":Received 5 update(s). cV=mgDb9ewMkw+iAB3/IlJjqg.0;server=akswtt102000006;cloudType=Consumer;environment=Prod_eastus_prod-s01-056-nam-eastus;migrationStage=NotStarted}
{"logTime": "0907/031922", "correlationVector":"NcAuRqTybzOW0nzEqom6sm","action":"Normal GetUpdate request", "result":"", "context":cV=NcAuRqTybzOW0nzEqom6sm
Notified types: History}
{"logTime": "0907/031922", "correlationVector":"NcAuRqTybzOW0nzEqom6sm.1","action":"SyncServerConnectionManagerRequest", "result":"SYNC_SERVER_OK", "context":{"environment":"Prod_eastus_prod-s01-056-nam-eastus", "migrationStage":"NotStarted", "server":"akswtt10200000k"}}
{"logTime": "0907/031922", "correlationVector":"NcAuRqTybzOW0nzEqom6sm.2","action":"ProcessGetUpdates", "result":"Done", "context":{"dataType":"Sessions", "deleted":"0", "process_failed_to_decrypt":"0", "process_pending_decryption":"0", "process_success":"2", "total":"2"}}
{"logTime": "0907/031922", "correlationVector":"NcAuRqTybzOW0nzEqom6sm.3","action":"ProcessGetUpdates", "result":"Done", "context":{"dataType":"History", "deleted":"0", "process_failed_to_decrypt":"0", "process_pending_decryption":"0", "process_success":"8", "total":"8"}}
{"logTime": "0907/031922", "correlationVector":"NcAuRqTybzOW0nzEqom6sm.4","action":"GetUpdates Response", "result":"Success", "context":Received 10 update(s). cV=NcAuRqTybzOW0nzEqom6sm.0;server=akswtt10200000k;cloudType=Consumer;environment=Prod_eastus_prod-s01-056-nam-eastus;migrationStage=NotStarted}
{"logTime": "0907/032024", "correlationVector":"5pK+mOcxJVuaqEkDPVN/zk","action":"Normal GetUpdate request", "result":"", "context":cV=5pK+mOcxJVuaqEkDPVN/zk
Notified types: History}
{"logTime": "0907/032025", "correlationVector":"5pK+mOcxJVuaqEkDPVN/zk.1","action":"SyncServerConnectionManagerRequest", "result":"SYNC_SERVER_OK", "context":{"environment":"Prod_eastus_prod-s01-056-nam-eastus", "migrationStage":"NotStarted", "server":"akswtt102000006"}}
{"logTime": "0907/032025", "correlationVector":"5pK+mOcxJVuaqEkDPVN/zk.2","action":"ProcessGetUpdates", "result":"Done", "context":{"dataType":"Sessions", "deleted":"0", "process_failed_to_decrypt":"0", "process_pending_decryption":"0", "process_success":"3", "total":"3"}}
{"logTime": "0907/032025", "correlationVector":"5pK+mOcxJVuaqEkDPVN/zk.3","action":"ProcessGetUpdates", "result":"Done", "context":{"dataType":"History", "deleted":"0", "process_failed_to_decrypt":"0", "process_pending_decryption":"0", "process_success":"7", "total":"7"}}
{"logTime": "0907/032025", "correlationVector":"5pK+mOcxJVuaqEkDPVN/zk.4","action":"GetUpdates Response", "result":"Success", "context":Received 10 update(s). cV=5pK+mOcxJVuaqEkDPVN/zk.0;server=akswtt102000006;cloudType=Consumer;environment=Prod_eastus_prod-s01-056-nam-eastus;migrationStage=NotStarted}
{"logTime": "0907/032125", "correlationVector":"L1AJ3uEIU/djt7CcrCeTLA","action":"Normal GetUpdate request", "result":"", "context":cV=L1AJ3uEIU/djt7CcrCeTLA
Notified types: History}
{"logTime": "0907/032126", "correlationVector":"L1AJ3uEIU/djt7CcrCeTLA.1","action":"SyncServerConnectionManagerRequest", "result":"SYNC_SERVER_OK", "context":{"environment":"Prod_eastus2_prod-s01-050-nam-eastus2", "migrationStage":"NotStarted", "server":"akswtt10200000i"}}
{"logTime": "0907/032126", "correlationVector":"L1AJ3uEIU/djt7CcrCeTLA.2","action":"ProcessGetUpdates", "result":"Done", "context":{"dataType":"Sessions", "deleted":"0", "process_failed_to_decrypt":"0", "process_pending_decryption":"0", "process_success":"1", "total":"1"}}
{"logTime": "0907/032126", "correlationVector":"L1AJ3uEIU/djt7CcrCeTLA.3","action":"ProcessGetUpdates", "result":"Done", "context":{"dataType":"History", "deleted":"0", "process_failed_to_decrypt":"0", "process_pending_decryption":"0", "process_success":"18", "total":"18"}}
{"logTime": "0907/032126", "correlationVector":"L1AJ3uEIU/djt7CcrCeTLA.4","action":"GetUpdates Response", "result":"Success", "context":Received 19 update(s). cV=L1AJ3uEIU/djt7CcrCeTLA.0;server=akswtt10200000i;cloudType=Consumer;environment=Prod_eastus2_prod-s01-050-nam-eastus2;migrationStage=NotStarted}
{"logTime": "0907/032227", "correlationVector":"vOh4AVlTmR0v8oSGsAly3b","action":"Normal GetUpdate request", "result":"", "context":cV=vOh4AVlTmR0v8oSGsAly3b
Notified types: History}
{"logTime": "0907/032227", "correlationVector":"vOh4AVlTmR0v8oSGsAly3b.1","action":"SyncServerConnectionManagerRequest", "result":"SYNC_SERVER_OK", "context":{"environment":"Prod_eastus_prod-s01-056-nam-eastus", "migrationStage":"NotStarted", "server":"akswtt10200000n"}}
{"logTime": "0907/032227", "correlationVector":"vOh4AVlTmR0v8oSGsAly3b.2","action":"ProcessGetUpdates", "result":"Done", "context":{"dataType":"Sessions", "deleted":"0", "process_failed_to_decrypt":"0", "process_pending_decryption":"0", "process_success":"2", "total":"2"}}
{"logTime": "0907/032227", "correlationVector":"vOh4AVlTmR0v8oSGsAly3b.3","action":"ProcessGetUpdates", "result":"Done", "context":{"dataType":"History", "deleted":"0", "process_failed_to_decrypt":"0", "process_pending_decryption":"0", "process_success":"11", "total":"11"}}
{"logTime": "0907/032227", "correlationVector":"vOh4AVlTmR0v8oSGsAly3b.4","action":"GetUpdates Response", "result":"Success", "context":Received 13 update(s). cV=vOh4AVlTmR0v8oSGsAly3b.0;server=akswtt10200000n;cloudType=Consumer;environment=Prod_eastus_prod-s01-056-nam-eastus;migrationStage=NotStarted}
{"logTime": "0907/032339", "correlationVector":"J0vurbXSDQGD9XEzDJEm+e","action":"Normal GetUpdate request", "result":"", "context":cV=J0vurbXSDQGD9XEzDJEm+e
Notified types: History}
{"logTime": "0907/032339", "correlationVector":"J0vurbXSDQGD9XEzDJEm+e.1","action":"SyncServerConnectionManagerRequest", "result":"SYNC_SERVER_OK", "context":{"environment":"Prod_eastus_prod-s01-056-nam-eastus", "migrationStage":"NotStarted", "server":"akswtt10200000g"}}
{"logTime": "0907/032339", "correlationVector":"J0vurbXSDQGD9XEzDJEm+e.2","action":"ProcessGetUpdates", "result":"Done", "context":{"dataType":"Sessions", "deleted":"0", "process_failed_to_decrypt":"0", "process_pending_decryption":"0", "process_success":"1", "total":"1"}}
{"logTime": "0907/032339", "correlationVector":"J0vurbXSDQGD9XEzDJEm+e.3","action":"ProcessGetUpdates", "result":"Done", "context":{"dataType":"History", "deleted":"0", "process_failed_to_decrypt":"0", "process_pending_decryption":"0", "process_success":"6", "total":"6"}}
{"logTime": "0907/032339", "correlationVector":"J0vurbXSDQGD9XEzDJEm+e.4","action":"GetUpdates Response", "result":"Success", "context":Received 7 update(s). cV=J0vurbXSDQGD9XEzDJEm+e.0;server=akswtt10200000g;cloudType=Consumer;environment=Prod_eastus_prod-s01-056-nam-eastus;migrationStage=NotStarted}
{"logTime": "0907/032441", "correlationVector":"6+Bf1pmGqU5QSOClpZfa2G","action":"Normal GetUpdate request", "result":"", "context":cV=6+Bf1pmGqU5QSOClpZfa2G
Notified types: History}
{"logTime": "0907/032441", "correlationVector":"6+Bf1pmGqU5QSOClpZfa2G.1","action":"SyncServerConnectionManagerRequest", "result":"SYNC_SERVER_OK", "context":{"environment":"Prod_eastus_prod-s01-056-nam-eastus", "migrationStage":"NotStarted", "server":"akswtt10200000m"}}
{"logTime": "0907/032441", "correlationVector":"6+Bf1pmGqU5QSOClpZfa2G.2","action":"ProcessGetUpdates", "result":"Done", "context":{"dataType":"Sessions", "deleted":"0", "process_failed_to_decrypt":"0", "process_pending_decryption":"0", "process_success":"2", "total":"2"}}
{"logTime": "0907/032441", "correlationVector":"6+Bf1pmGqU5QSOClpZfa2G.3","action":"ProcessGetUpdates", "result":"Done", "context":{"dataType":"History", "deleted":"0", "process_failed_to_decrypt":"0", "process_pending_decryption":"0", "process_success":"12", "total":"12"}}
{"logTime": "0907/032441", "correlationVector":"6+Bf1pmGqU5QSOClpZfa2G.4","action":"GetUpdates Response", "result":"Success", "context":Received 14 update(s). cV=6+Bf1pmGqU5QSOClpZfa2G.0;server=akswtt10200000m;cloudType=Consumer;environment=Prod_eastus_prod-s01-056-nam-eastus;migrationStage=NotStarted}
{"logTime": "0907/032546", "correlationVector":"zIWXvig0WIlf1m1jkbXPVS","action":"Normal GetUpdate request", "result":"", "context":cV=zIWXvig0WIlf1m1jkbXPVS
Notified types: History}
{"logTime": "0907/032546", "correlationVector":"zIWXvig0WIlf1m1jkbXPVS.1","action":"SyncServerConnectionManagerRequest", "result":"SYNC_SERVER_OK", "context":{"environment":"Prod_eastus_prod-s01-056-nam-eastus", "migrationStage":"NotStarted", "server":"akswtt102000002"}}
{"logTime": "0907/032546", "correlationVector":"zIWXvig0WIlf1m1jkbXPVS.2","action":"ProcessGetUpdates", "result":"Done", "context":{"dataType":"Sessions", "deleted":"0", "process_failed_to_decrypt":"0", "process_pending_decryption":"0", "process_success":"4", "total":"4"}}
{"logTime": "0907/032546", "correlationVector":"zIWXvig0WIlf1m1jkbXPVS.3","action":"ProcessGetUpdates", "result":"Done", "context":{"dataType":"History", "deleted":"0", "process_failed_to_decrypt":"0", "process_pending_decryption":"0", "process_success":"9", "total":"9"}}
{"logTime": "0907/032546", "correlationVector":"zIWXvig0WIlf1m1jkbXPVS.4","action":"GetUpdates Response", "result":"Success", "context":Received 13 update(s). cV=zIWXvig0WIlf1m1jkbXPVS.0;server=akswtt102000002;cloudType=Consumer;environment=Prod_eastus_prod-s01-056-nam-eastus;migrationStage=NotStarted}
{"logTime": "0907/032650", "correlationVector":"ZI/RHx7G7oNaoVSmZzCR7x","action":"Normal GetUpdate request", "result":"", "context":cV=ZI/RHx7G7oNaoVSmZzCR7x
Notified types: History}
{"logTime": "0907/032651", "correlationVector":"ZI/RHx7G7oNaoVSmZzCR7x.1","action":"SyncServerConnectionManagerRequest", "result":"SYNC_SERVER_OK", "context":{"environment":"Prod_eastus_prod-s01-056-nam-eastus", "migrationStage":"NotStarted", "server":"akswtt10200000f"}}
{"logTime": "0907/032651", "correlationVector":"ZI/RHx7G7oNaoVSmZzCR7x.2","action":"ProcessGetUpdates", "result":"Done", "context":{"dataType":"Sessions", "deleted":"0", "process_failed_to_decrypt":"0", "process_pending_decryption":"0", "process_success":"2", "total":"2"}}
{"logTime": "0907/032651", "correlationVector":"ZI/RHx7G7oNaoVSmZzCR7x.3","action":"ProcessGetUpdates", "result":"Done", "context":{"dataType":"History", "deleted":"0", "process_failed_to_decrypt":"0", "process_pending_decryption":"0", "process_success":"3", "total":"3"}}
{"logTime": "0907/032651", "correlationVector":"ZI/RHx7G7oNaoVSmZzCR7x.4","action":"GetUpdates Response", "result":"Success", "context":Received 5 update(s). cV=ZI/RHx7G7oNaoVSmZzCR7x.0;server=akswtt10200000f;cloudType=Consumer;environment=Prod_eastus_prod-s01-056-nam-eastus;migrationStage=NotStarted}
{"logTime": "0907/041744", "correlationVector":"FNj+PqUuRQL3ajo+TFTkKN","action":"Normal GetUpdate request", "result":"", "context":cV=FNj+PqUuRQL3ajo+TFTkKN
Notified types: History}
{"logTime": "0907/041744", "correlationVector":"FNj+PqUuRQL3ajo+TFTkKN.1","action":"SyncServerConnectionManagerRequest", "result":"SYNC_SERVER_OK", "context":{"environment":"Prod_eastus_prod-s01-056-nam-eastus", "migrationStage":"NotStarted", "server":"akswtt102000009"}}
{"logTime": "0907/041744", "correlationVector":"FNj+PqUuRQL3ajo+TFTkKN.2","action":"ProcessGetUpdates", "result":"Done", "context":{"dataType":"Sessions", "deleted":"0", "process_failed_to_decrypt":"0", "process_pending_decryption":"0", "process_success":"3", "total":"3"}}
{"logTime": "0907/041744", "correlationVector":"FNj+PqUuRQL3ajo+TFTkKN.3","action":"ProcessGetUpdates", "result":"Done", "context":{"dataType":"History", "deleted":"0", "process_failed_to_decrypt":"0", "process_pending_decryption":"0", "process_success":"1", "total":"1"}}
{"logTime": "0907/041744", "correlationVector":"FNj+PqUuRQL3ajo+TFTkKN.4","action":"GetUpdates Response", "result":"Success", "context":Received 4 update(s). cV=FNj+PqUuRQL3ajo+TFTkKN.0;server=akswtt102000009;cloudType=Consumer;environment=Prod_eastus_prod-s01-056-nam-eastus;migrationStage=NotStarted}
{"logTime": "0907/042445", "correlationVector":"aoe5/XvLyPzqakOtGh5tsc","action":"Normal GetUpdate request", "result":"", "context":cV=aoe5/XvLyPzqakOtGh5tsc
Notified types: History}
{"logTime": "0907/042445", "correlationVector":"aoe5/XvLyPzqakOtGh5tsc.1","action":"SyncServerConnectionManagerRequest", "result":"SYNC_SERVER_OK", "context":{"environment":"Prod_eastus_prod-s01-056-nam-eastus", "migrationStage":"NotStarted", "server":"akswtt10200000l"}}
{"logTime": "0907/042445", "correlationVector":"aoe5/XvLyPzqakOtGh5tsc.2","action":"ProcessGetUpdates", "result":"Done", "context":{"dataType":"Sessions", "deleted":"1", "process_failed_to_decrypt":"0", "process_pending_decryption":"0", "process_success":"2", "total":"2"}}
{"logTime": "0907/042445", "correlationVector":"aoe5/XvLyPzqakOtGh5tsc.3","action":"ProcessGetUpdates", "result":"Done", "context":{"dataType":"History", "deleted":"0", "process_failed_to_decrypt":"0", "process_pending_decryption":"0", "process_success":"1", "total":"1"}}
{"logTime": "0907/042445", "correlationVector":"aoe5/XvLyPzqakOtGh5tsc.4","action":"GetUpdates Response", "result":"Success", "context":Received 3 update(s). cV=aoe5/XvLyPzqakOtGh5tsc.0;server=akswtt10200000l;cloudType=Consumer;environment=Prod_eastus_prod-s01-056-nam-eastus;migrationStage=NotStarted}
{"logTime": "0907/043245", "correlationVector":"kgrFY7aQHY5dJdT+AJ1j8C","action":"Normal GetUpdate request", "result":"", "context":cV=kgrFY7aQHY5dJdT+AJ1j8C
Notified types: History}
{"logTime": "0907/043245", "correlationVector":"kgrFY7aQHY5dJdT+AJ1j8C.1","action":"SyncServerConnectionManagerRequest", "result":"SYNC_SERVER_OK", "context":{"environment":"Prod_eastus_prod-s01-056-nam-eastus", "migrationStage":"NotStarted", "server":"akswtt10200000i"}}
{"logTime": "0907/043245", "correlationVector":"kgrFY7aQHY5dJdT+AJ1j8C.2","action":"ProcessGetUpdates", "result":"Done", "context":{"dataType":"Sessions", "deleted":"0", "process_failed_to_decrypt":"0", "process_pending_decryption":"0", "process_success":"4", "total":"4"}}
{"logTime": "0907/043245", "correlationVector":"kgrFY7aQHY5dJdT+AJ1j8C.3","action":"ProcessGetUpdates", "result":"Done", "context":{"dataType":"History", "deleted":"0", "process_failed_to_decrypt":"0", "process_pending_decryption":"0", "process_success":"11", "total":"11"}}
{"logTime": "0907/043245", "correlationVector":"kgrFY7aQHY5dJdT+AJ1j8C.4","action":"GetUpdates Response", "result":"Success", "context":Received 15 update(s). cV=kgrFY7aQHY5dJdT+AJ1j8C.0;server=akswtt10200000i;cloudType=Consumer;environment=Prod_eastus_prod-s01-056-nam-eastus;migrationStage=NotStarted}
{"logTime": "0907/043345", "correlationVector":"UDfUisTD2xD2Ln8tg+jjKB","action":"Normal GetUpdate request", "result":"", "context":cV=UDfUisTD2xD2Ln8tg+jjKB
Notified types: History}
{"logTime": "0907/043345", "correlationVector":"UDfUisTD2xD2Ln8tg+jjKB.1","action":"SyncServerConnectionManagerRequest", "result":"SYNC_SERVER_OK", "context":{"environment":"Prod_eastus_prod-s01-056-nam-eastus", "migrationStage":"NotStarted", "server":"akswtt102000005"}}
{"logTime": "0907/043345", "correlationVector":"UDfUisTD2xD2Ln8tg+jjKB.2","action":"ProcessGetUpdates", "result":"Done", "context":{"dataType":"Sessions", "deleted":"0", "process_failed_to_decrypt":"0", "process_pending_decryption":"0", "process_success":"1", "total":"1"}}
{"logTime": "0907/043345", "correlationVector":"UDfUisTD2xD2Ln8tg+jjKB.3","action":"ProcessGetUpdates", "result":"Done", "context":{"dataType":"History", "deleted":"0", "process_failed_to_decrypt":"0", "process_pending_decryption":"0", "process_success":"2", "total":"2"}}
{"logTime": "0907/043345", "correlationVector":"UDfUisTD2xD2Ln8tg+jjKB.4","action":"GetUpdates Response", "result":"Success", "context":Received 3 update(s). cV=UDfUisTD2xD2Ln8tg+jjKB.0;server=akswtt102000005;cloudType=Consumer;environment=Prod_eastus_prod-s01-056-nam-eastus;migrationStage=NotStarted}
{"logTime": "0907/043446", "correlationVector":"8tFLQOssPQEevg8AsUFpAx","action":"Normal GetUpdate request", "result":"", "context":cV=8tFLQOssPQEevg8AsUFpAx
Notified types: History}
{"logTime": "0907/043447", "correlationVector":"8tFLQOssPQEevg8AsUFpAx.1","action":"SyncServerConnectionManagerRequest", "result":"SYNC_SERVER_OK", "context":{"environment":"Prod_eastus_prod-s01-056-nam-eastus", "migrationStage":"NotStarted", "server":"akswtt102000001"}}
{"logTime": "0907/043447", "correlationVector":"8tFLQOssPQEevg8AsUFpAx.2","action":"ProcessGetUpdates", "result":"Done", "context":{"dataType":"Sessions", "deleted":"0", "process_failed_to_decrypt":"0", "process_pending_decryption":"0", "process_success":"2", "total":"2"}}
{"logTime": "0907/043447", "correlationVector":"8tFLQOssPQEevg8AsUFpAx.3","action":"ProcessGetUpdates", "result":"Done", "context":{"dataType":"History", "deleted":"0", "process_failed_to_decrypt":"0", "process_pending_decryption":"0", "process_success":"4", "total":"4"}}
{"logTime": "0907/043447", "correlationVector":"8tFLQOssPQEevg8AsUFpAx.4","action":"GetUpdates Response", "result":"Success", "context":Received 6 update(s). cV=8tFLQOssPQEevg8AsUFpAx.0;server=akswtt102000001;cloudType=Consumer;environment=Prod_eastus_prod-s01-056-nam-eastus;migrationStage=NotStarted}
{"logTime": "0907/051218", "correlationVector":"CCZUb+rvLKaM0q961mbeey","action":"Normal GetUpdate request", "result":"", "context":cV=CCZUb+rvLKaM0q961mbeey
Notified types: Device Info}
{"logTime": "0907/051219", "correlationVector":"CCZUb+rvLKaM0q961mbeey.1","action":"SyncServerConnectionManagerRequest", "result":"SYNC_SERVER_OK", "context":{"environment":"Prod_eastus2_prod-s01-050-nam-eastus2", "migrationStage":"NotStarted", "server":"akswtt102000003"}}
{"logTime": "0907/051219", "correlationVector":"CCZUb+rvLKaM0q961mbeey.2","action":"ProcessGetUpdates", "result":"Done", "context":{"dataType":"Device Info", "deleted":"0", "process_failed_to_decrypt":"0", "process_pending_decryption":"0", "process_success":"1", "total":"1"}}
{"logTime": "0907/051219", "correlationVector":"CCZUb+rvLKaM0q961mbeey.3","action":"GetUpdates Response", "result":"Success", "context":Received 1 update(s). cV=CCZUb+rvLKaM0q961mbeey.0;server=akswtt102000003;cloudType=Consumer;environment=Prod_eastus2_prod-s01-050-nam-eastus2;migrationStage=NotStarted}
{"logTime": "0907/090628", "correlationVector":"t2eQmCdOOJ4gq96EolgoPL","action":"Commit Request", "result":"", "context":Item count: 1
Contributing types: Device Info}
{"logTime": "0907/090628", "correlationVector":"t2eQmCdOOJ4gq96EolgoPL.1","action":"SyncServerConnectionManagerRequest", "result":"SYNC_SERVER_OK", "context":{"environment":"Prod_eastus2_prod-s01-050-nam-eastus2", "migrationStage":"NotStarted", "server":"akswtt102000008"}}
{"logTime": "0907/090628", "correlationVector":"t2eQmCdOOJ4gq96EolgoPL.2","action":"Commit Response", "result":"Success", "context":Result: Success. cV=t2eQmCdOOJ4gq96EolgoPL.0;server=akswtt102000008;cloudType=Consumer;environment=Prod_eastus2_prod-s01-050-nam-eastus2;migrationStage=NotStarted}
{"logTime": "0907/090630", "correlationVector":"NxFhlwaQS6ml3DcfvN1d4/","action":"Poll GetUpdate request", "result":"", "context":cV=NxFhlwaQS6ml3DcfvN1d4/}
{"logTime": "0907/090630", "correlationVector":"NxFhlwaQS6ml3DcfvN1d4/.1","action":"SyncServerConnectionManagerRequest", "result":"SYNC_SERVER_OK", "context":{"environment":"Prod_eastus2_prod-s01-050-nam-eastus2", "migrationStage":"NotStarted", "server":"akswtt10200000n"}}
{"logTime": "0907/090630", "correlationVector":"NxFhlwaQS6ml3DcfvN1d4/.2","action":"ProcessGetUpdates", "result":"Done", "context":{"dataType":"Device Info", "deleted":"0", "process_failed_to_decrypt":"0", "process_pending_decryption":"0", "process_success":"1", "total":"1"}}
{"logTime": "0907/090630", "correlationVector":"NxFhlwaQS6ml3DcfvN1d4/.3","action":"GetUpdates Response", "result":"Success", "context":Received 1 update(s). cV=NxFhlwaQS6ml3DcfvN1d4/.0;server=akswtt10200000n;cloudType=Consumer;environment=Prod_eastus2_prod-s01-050-nam-eastus2;migrationStage=NotStarted}
{"logTime": "0907/121249", "correlationVector":"scZuSFi9bTeOUdGGxd03AZ","action":"Normal GetUpdate request", "result":"", "context":cV=scZuSFi9bTeOUdGGxd03AZ
Notified types: Preferences, Passwords, Device Info, History}
{"logTime": "0907/121249", "correlationVector":"scZuSFi9bTeOUdGGxd03AZ.1","action":"SyncServerConnectionManagerRequest", "result":"SYNC_AUTH_ERROR", "context":{"environment":"Prod_eastus_prod-s01-056-nam-eastus", "migrationStage":"NotStarted", "server":"akswtt10200000h"}}
{"logTime": "0907/121249", "correlationVector":"scZuSFi9bTeOUdGGxd03AZ.2","action":"GetUpdates Response", "result":"HTTP error (401)", "context":Received error: HTTP error (401). cV=scZuSFi9bTeOUdGGxd03AZ.0;server=akswtt10200000h;cloudType=Undetermined;environment=Prod_eastus_prod-s01-056-nam-eastus;migrationStage=NotStarted}
{"logTime": "0907/121250", "correlationVector":"d8yxKZ+HFP4S0B8fPRlkhX","action":"Normal GetUpdate request", "result":"", "context":cV=d8yxKZ+HFP4S0B8fPRlkhX
Notified types: Preferences, Passwords, Device Info, History}
{"logTime": "0907/121250", "correlationVector":"d8yxKZ+HFP4S0B8fPRlkhX.1","action":"SyncServerConnectionManagerRequest", "result":"SYNC_SERVER_OK", "context":{"environment":"Prod_eastus_prod-s01-056-nam-eastus", "migrationStage":"NotStarted", "server":"akswtt10200000g"}}
{"logTime": "0907/121250", "correlationVector":"d8yxKZ+HFP4S0B8fPRlkhX.2","action":"ProcessGetUpdates", "result":"Done", "context":{"dataType":"Preferences", "deleted":"0", "process_failed_to_decrypt":"0", "process_pending_decryption":"0", "process_success":"4", "total":"4"}}
{"logTime": "0907/121250", "correlationVector":"d8yxKZ+HFP4S0B8fPRlkhX.3","action":"ProcessGetUpdates", "result":"Done", "context":{"dataType":"Passwords", "deleted":"5", "process_failed_to_decrypt":"0", "process_pending_decryption":"0", "process_success":"8", "total":"8"}}
{"logTime": "0907/121250", "correlationVector":"d8yxKZ+HFP4S0B8fPRlkhX.4","action":"ProcessGetUpdates", "result":"Done", "context":{"dataType":"Sessions", "deleted":"8", "process_failed_to_decrypt":"0", "process_pending_decryption":"0", "process_success":"10", "total":"10"}}
{"logTime": "0907/121250", "correlationVector":"d8yxKZ+HFP4S0B8fPRlkhX.5","action":"ProcessGetUpdates", "result":"Done", "context":{"dataType":"Device Info", "deleted":"0", "process_failed_to_decrypt":"0", "process_pending_decryption":"0", "process_success":"1", "total":"1"}}
{"logTime": "0907/121250", "correlationVector":"d8yxKZ+HFP4S0B8fPRlkhX.6","action":"ProcessGetUpdates", "result":"Done", "context":{"dataType":"History", "deleted":"0", "process_failed_to_decrypt":"0", "process_pending_decryption":"0", "process_success":"10", "total":"10"}}
{"logTime": "0907/121250", "correlationVector":"d8yxKZ+HFP4S0B8fPRlkhX.7","action":"GetUpdates Response", "result":"Success", "context":Received 33 update(s). cV=d8yxKZ+HFP4S0B8fPRlkhX.0;server=akswtt10200000g;cloudType=Consumer;environment=Prod_eastus_prod-s01-056-nam-eastus;migrationStage=NotStarted}
{"logTime": "0907/121250", "correlationVector":"aASWC/nEp0FC0QZNsfmsiW","action":"Normal GetUpdate request", "result":"", "context":cV=aASWC/nEp0FC0QZNsfmsiW
Notified types: Preferences}
{"logTime": "0907/121250", "correlationVector":"aASWC/nEp0FC0QZNsfmsiW.1","action":"SyncServerConnectionManagerRequest", "result":"SYNC_SERVER_OK", "context":{"environment":"Prod_eastus_prod-s01-056-nam-eastus", "migrationStage":"NotStarted", "server":"akswtt10200000j"}}
{"logTime": "0907/121250", "correlationVector":"aASWC/nEp0FC0QZNsfmsiW.2","action":"ProcessGetUpdates", "result":"Done", "context":{"dataType":"Device Info", "deleted":"0", "process_failed_to_decrypt":"0", "process_pending_decryption":"0", "process_success":"1", "total":"1"}}
{"logTime": "0907/121250", "correlationVector":"aASWC/nEp0FC0QZNsfmsiW.3","action":"GetUpdates Response", "result":"Success", "context":Received 1 update(s). cV=aASWC/nEp0FC0QZNsfmsiW.0;server=akswtt10200000j;cloudType=Consumer;environment=Prod_eastus_prod-s01-056-nam-eastus;migrationStage=NotStarted}
{"logTime": "0907/121251", "correlationVector":"4aKZ13FgCVTHMuSWfSH3Ny","action":"Normal GetUpdate request", "result":"", "context":cV=4aKZ13FgCVTHMuSWfSH3Ny
Notified types: Device Info}
{"logTime": "0907/121251", "correlationVector":"4aKZ13FgCVTHMuSWfSH3Ny.1","action":"SyncServerConnectionManagerRequest", "result":"SYNC_SERVER_OK", "context":{"environment":"Prod_eastus_prod-s01-056-nam-eastus", "migrationStage":"NotStarted", "server":"akswtt102000002"}}
{"logTime": "0907/121251", "correlationVector":"4aKZ13FgCVTHMuSWfSH3Ny.2","action":"GetUpdates Response", "result":"Success", "context":Received 0 update(s). cV=4aKZ13FgCVTHMuSWfSH3Ny.0;server=akswtt102000002;cloudType=Consumer;environment=Prod_eastus_prod-s01-056-nam-eastus;migrationStage=NotStarted}
{"logTime": "0907/121253", "correlationVector":"M8JAEk283BrfhM1IQUYEs/","action":"Normal GetUpdate request", "result":"", "context":cV=M8JAEk283BrfhM1IQUYEs/
Notified types: Preferences, History}
{"logTime": "0907/121253", "correlationVector":"M8JAEk283BrfhM1IQUYEs/.1","action":"SyncServerConnectionManagerRequest", "result":"SYNC_SERVER_OK", "context":{"environment":"Prod_eastus_prod-s01-056-nam-eastus", "migrationStage":"NotStarted", "server":"akswtt10200000g"}}
{"logTime": "0907/121253", "correlationVector":"M8JAEk283BrfhM1IQUYEs/.2","action":"ProcessGetUpdates", "result":"Done", "context":{"dataType":"Preferences", "deleted":"0", "process_failed_to_decrypt":"0", "process_pending_decryption":"0", "process_success":"1", "total":"1"}}
{"logTime": "0907/121253", "correlationVector":"M8JAEk283BrfhM1IQUYEs/.3","action":"ProcessGetUpdates", "result":"Done", "context":{"dataType":"Sessions", "deleted":"0", "process_failed_to_decrypt":"0", "process_pending_decryption":"0", "process_success":"2", "total":"2"}}
{"logTime": "0907/121253", "correlationVector":"M8JAEk283BrfhM1IQUYEs/.4","action":"ProcessGetUpdates", "result":"Done", "context":{"dataType":"History", "deleted":"0", "process_failed_to_decrypt":"0", "process_pending_decryption":"0", "process_success":"1", "total":"1"}}
{"logTime": "0907/121253", "correlationVector":"M8JAEk283BrfhM1IQUYEs/.5","action":"GetUpdates Response", "result":"Success", "context":Received 4 update(s). cV=M8JAEk283BrfhM1IQUYEs/.0;server=akswtt10200000g;cloudType=Consumer;environment=Prod_eastus_prod-s01-056-nam-eastus;migrationStage=NotStarted}
{"logTime": "0907/121318", "correlationVector":"IfJ53dS2xNoVYiYqiitT8+","action":"Normal GetUpdate request", "result":"", "context":cV=IfJ53dS2xNoVYiYqiitT8+
Notified types: Preferences, Device Info, History}
{"logTime": "0907/121318", "correlationVector":"IfJ53dS2xNoVYiYqiitT8+.1","action":"SyncServerConnectionManagerRequest", "result":"SYNC_SERVER_OK", "context":{"environment":"Prod_eastus_prod-s01-056-nam-eastus", "migrationStage":"NotStarted", "server":"akswtt10200000g"}}
{"logTime": "0907/121318", "correlationVector":"IfJ53dS2xNoVYiYqiitT8+.2","action":"ProcessGetUpdates", "result":"Done", "context":{"dataType":"Preferences", "deleted":"0", "process_failed_to_decrypt":"0", "process_pending_decryption":"0", "process_success":"1", "total":"1"}}
{"logTime": "0907/121318", "correlationVector":"IfJ53dS2xNoVYiYqiitT8+.3","action":"ProcessGetUpdates", "result":"Done", "context":{"dataType":"Sessions", "deleted":"0", "process_failed_to_decrypt":"0", "process_pending_decryption":"0", "process_success":"2", "total":"2"}}
{"logTime": "0907/121318", "correlationVector":"IfJ53dS2xNoVYiYqiitT8+.4","action":"ProcessGetUpdates", "result":"Done", "context":{"dataType":"Device Info", "deleted":"0", "process_failed_to_decrypt":"0", "process_pending_decryption":"0", "process_success":"1", "total":"1"}}
{"logTime": "0907/121318", "correlationVector":"IfJ53dS2xNoVYiYqiitT8+.5","action":"ProcessGetUpdates", "result":"Done", "context":{"dataType":"History", "deleted":"0", "process_failed_to_decrypt":"0", "process_pending_decryption":"0", "process_success":"1", "total":"1"}}
{"logTime": "0907/121318", "correlationVector":"IfJ53dS2xNoVYiYqiitT8+.6","action":"GetUpdates Response", "result":"Success", "context":Received 5 update(s). cV=IfJ53dS2xNoVYiYqiitT8+.0;server=akswtt10200000g;cloudType=Consumer;environment=Prod_eastus_prod-s01-056-nam-eastus;migrationStage=NotStarted}
{"logTime": "0907/121320", "correlationVector":"77Edf7rLgRpMz7RbJFhNAy","action":"Normal GetUpdate request", "result":"", "context":cV=77Edf7rLgRpMz7RbJFhNAy
Notified types: Preferences}
{"logTime": "0907/121320", "correlationVector":"77Edf7rLgRpMz7RbJFhNAy.1","action":"SyncServerConnectionManagerRequest", "result":"SYNC_SERVER_OK", "context":{"environment":"Prod_eastus_prod-s01-056-nam-eastus", "migrationStage":"NotStarted", "server":"akswtt102000009"}}
{"logTime": "0907/121320", "correlationVector":"77Edf7rLgRpMz7RbJFhNAy.2","action":"ProcessGetUpdates", "result":"Done", "context":{"dataType":"Preferences", "deleted":"0", "process_failed_to_decrypt":"0", "process_pending_decryption":"0", "process_success":"1", "total":"1"}}
{"logTime": "0907/121320", "correlationVector":"77Edf7rLgRpMz7RbJFhNAy.3","action":"GetUpdates Response", "result":"Success", "context":Received 1 update(s). cV=77Edf7rLgRpMz7RbJFhNAy.0;server=akswtt102000009;cloudType=Consumer;environment=Prod_eastus_prod-s01-056-nam-eastus;migrationStage=NotStarted}
{"logTime": "0907/121327", "correlationVector":"wJc5t1TeFWUvC+cg8+xTS5","action":"Normal GetUpdate request", "result":"", "context":cV=wJc5t1TeFWUvC+cg8+xTS5
Notified types: Device Info, History}
{"logTime": "0907/121327", "correlationVector":"wJc5t1TeFWUvC+cg8+xTS5.1","action":"SyncServerConnectionManagerRequest", "result":"SYNC_SERVER_OK", "context":{"environment":"Prod_eastus_prod-s01-056-nam-eastus", "migrationStage":"NotStarted", "server":"akswtt10200000g"}}
{"logTime": "0907/121327", "correlationVector":"wJc5t1TeFWUvC+cg8+xTS5.2","action":"ProcessGetUpdates", "result":"Done", "context":{"dataType":"Sessions", "deleted":"0", "process_failed_to_decrypt":"0", "process_pending_decryption":"0", "process_success":"2", "total":"2"}}
{"logTime": "0907/121327", "correlationVector":"wJc5t1TeFWUvC+cg8+xTS5.3","action":"ProcessGetUpdates", "result":"Done", "context":{"dataType":"Device Info", "deleted":"0", "process_failed_to_decrypt":"0", "process_pending_decryption":"0", "process_success":"1", "total":"1"}}
{"logTime": "0907/121327", "correlationVector":"wJc5t1TeFWUvC+cg8+xTS5.4","action":"ProcessGetUpdates", "result":"Done", "context":{"dataType":"History", "deleted":"0", "process_failed_to_decrypt":"0", "process_pending_decryption":"0", "process_success":"3", "total":"3"}}
{"logTime": "0907/121327", "correlationVector":"wJc5t1TeFWUvC+cg8+xTS5.5","action":"GetUpdates Response", "result":"Success", "context":Received 6 update(s). cV=wJc5t1TeFWUvC+cg8+xTS5.0;server=akswtt10200000g;cloudType=Consumer;environment=Prod_eastus_prod-s01-056-nam-eastus;migrationStage=NotStarted}
{"logTime": "0907/121736", "correlationVector":"1Wi3AmPS/n+jZMkS1U2OL/","action":"Normal GetUpdate request", "result":"", "context":cV=1Wi3AmPS/n+jZMkS1U2OL/
Notified types: History}
{"logTime": "0907/121736", "correlationVector":"1Wi3AmPS/n+jZMkS1U2OL/.1","action":"SyncServerConnectionManagerRequest", "result":"SYNC_SERVER_OK", "context":{"environment":"Prod_eastus_prod-s01-056-nam-eastus", "migrationStage":"NotStarted", "server":"akswtt10200000q"}}
{"logTime": "0907/121736", "correlationVector":"1Wi3AmPS/n+jZMkS1U2OL/.2","action":"ProcessGetUpdates", "result":"Done", "context":{"dataType":"Sessions", "deleted":"0", "process_failed_to_decrypt":"0", "process_pending_decryption":"0", "process_success":"2", "total":"2"}}
{"logTime": "0907/121736", "correlationVector":"1Wi3AmPS/n+jZMkS1U2OL/.3","action":"ProcessGetUpdates", "result":"Done", "context":{"dataType":"History", "deleted":"0", "process_failed_to_decrypt":"0", "process_pending_decryption":"0", "process_success":"1", "total":"1"}}
{"logTime": "0907/121736", "correlationVector":"1Wi3AmPS/n+jZMkS1U2OL/.4","action":"GetUpdates Response", "result":"Success", "context":Received 3 update(s). cV=1Wi3AmPS/n+jZMkS1U2OL/.0;server=akswtt10200000q;cloudType=Consumer;environment=Prod_eastus_prod-s01-056-nam-eastus;migrationStage=NotStarted}
{"logTime": "0907/121749", "correlationVector":"t04e12vQEc3Ms5PePAzZaw","action":"Normal GetUpdate request", "result":"", "context":cV=t04e12vQEc3Ms5PePAzZaw
Notified types: Device Info, History}
{"logTime": "0907/121750", "correlationVector":"t04e12vQEc3Ms5PePAzZaw.1","action":"SyncServerConnectionManagerRequest", "result":"SYNC_SERVER_OK", "context":{"environment":"Prod_eastus_prod-s01-056-nam-eastus", "migrationStage":"NotStarted", "server":"akswtt10200000c"}}
{"logTime": "0907/121750", "correlationVector":"t04e12vQEc3Ms5PePAzZaw.2","action":"ProcessGetUpdates", "result":"Done", "context":{"dataType":"Sessions", "deleted":"1", "process_failed_to_decrypt":"0", "process_pending_decryption":"0", "process_success":"2", "total":"2"}}
{"logTime": "0907/121750", "correlationVector":"t04e12vQEc3Ms5PePAzZaw.3","action":"ProcessGetUpdates", "result":"Done", "context":{"dataType":"Device Info", "deleted":"0", "process_failed_to_decrypt":"0", "process_pending_decryption":"0", "process_success":"1", "total":"1"}}
{"logTime": "0907/121750", "correlationVector":"t04e12vQEc3Ms5PePAzZaw.4","action":"ProcessGetUpdates", "result":"Done", "context":{"dataType":"History", "deleted":"0", "process_failed_to_decrypt":"0", "process_pending_decryption":"0", "process_success":"1", "total":"1"}}
{"logTime": "0907/121750", "correlationVector":"t04e12vQEc3Ms5PePAzZaw.5","action":"GetUpdates Response", "result":"Success", "context":Received 4 update(s). cV=t04e12vQEc3Ms5PePAzZaw.0;server=akswtt10200000c;cloudType=Consumer;environment=Prod_eastus_prod-s01-056-nam-eastus;migrationStage=NotStarted}
{"logTime": "0907/121755", "correlationVector":"FjpC3Q0lXX8BhY/c0W0/dC","action":"Normal GetUpdate request", "result":"", "context":cV=FjpC3Q0lXX8BhY/c0W0/dC
Notified types: Device Info}
{"logTime": "0907/121756", "correlationVector":"FjpC3Q0lXX8BhY/c0W0/dC.1","action":"SyncServerConnectionManagerRequest", "result":"SYNC_SERVER_OK", "context":{"environment":"Prod_eastus_prod-s01-056-nam-eastus", "migrationStage":"NotStarted", "server":"akswtt10200000a"}}
{"logTime": "0907/121756", "correlationVector":"FjpC3Q0lXX8BhY/c0W0/dC.2","action":"ProcessGetUpdates", "result":"Done", "context":{"dataType":"Device Info", "deleted":"0", "process_failed_to_decrypt":"0", "process_pending_decryption":"0", "process_success":"1", "total":"1"}}
{"logTime": "0907/121756", "correlationVector":"FjpC3Q0lXX8BhY/c0W0/dC.3","action":"GetUpdates Response", "result":"Success", "context":Received 1 update(s). cV=FjpC3Q0lXX8BhY/c0W0/dC.0;server=akswtt10200000a;cloudType=Consumer;environment=Prod_eastus_prod-s01-056-nam-eastus;migrationStage=NotStarted}
{"logTime": "0907/121758", "correlationVector":"UruV4DrCec6Mla3rcorm9H","action":"Normal GetUpdate request", "result":"", "context":cV=UruV4DrCec6Mla3rcorm9H
Notified types: Preferences}
{"logTime": "0907/121758", "correlationVector":"UruV4DrCec6Mla3rcorm9H.1","action":"SyncServerConnectionManagerRequest", "result":"SYNC_SERVER_OK", "context":{"environment":"Prod_eastus_prod-s01-056-nam-eastus", "migrationStage":"NotStarted", "server":"akswtt10200000k"}}
{"logTime": "0907/121758", "correlationVector":"UruV4DrCec6Mla3rcorm9H.2","action":"ProcessGetUpdates", "result":"Done", "context":{"dataType":"Preferences", "deleted":"0", "process_failed_to_decrypt":"0", "process_pending_decryption":"0", "process_success":"2", "total":"2"}}
{"logTime": "0907/121758", "correlationVector":"UruV4DrCec6Mla3rcorm9H.3","action":"GetUpdates Response", "result":"Success", "context":Received 2 update(s). cV=UruV4DrCec6Mla3rcorm9H.0;server=akswtt10200000k;cloudType=Consumer;environment=Prod_eastus_prod-s01-056-nam-eastus;migrationStage=NotStarted}
{"logTime": "0907/121920", "correlationVector":"zQv0POWDE9n2AkCKliJ7gR","action":"Normal GetUpdate request", "result":"", "context":cV=zQv0POWDE9n2AkCKliJ7gR
Notified types: Device Info, History}
{"logTime": "0907/121920", "correlationVector":"zQv0POWDE9n2AkCKliJ7gR.1","action":"SyncServerConnectionManagerRequest", "result":"SYNC_SERVER_OK", "context":{"environment":"Prod_eastus_prod-s01-056-nam-eastus", "migrationStage":"NotStarted", "server":"akswtt10200000k"}}
{"logTime": "0907/121920", "correlationVector":"zQv0POWDE9n2AkCKliJ7gR.2","action":"ProcessGetUpdates", "result":"Done", "context":{"dataType":"Sessions", "deleted":"0", "process_failed_to_decrypt":"0", "process_pending_decryption":"0", "process_success":"2", "total":"2"}}
{"logTime": "0907/121920", "correlationVector":"zQv0POWDE9n2AkCKliJ7gR.3","action":"ProcessGetUpdates", "result":"Done", "context":{"dataType":"Device Info", "deleted":"0", "process_failed_to_decrypt":"0", "process_pending_decryption":"0", "process_success":"1", "total":"1"}}
{"logTime": "0907/121920", "correlationVector":"zQv0POWDE9n2AkCKliJ7gR.4","action":"ProcessGetUpdates", "result":"Done", "context":{"dataType":"History", "deleted":"0", "process_failed_to_decrypt":"0", "process_pending_decryption":"0", "process_success":"1", "total":"1"}}
{"logTime": "0907/121920", "correlationVector":"zQv0POWDE9n2AkCKliJ7gR.5","action":"GetUpdates Response", "result":"Success", "context":Received 4 update(s). cV=zQv0POWDE9n2AkCKliJ7gR.0;server=akswtt10200000k;cloudType=Consumer;environment=Prod_eastus_prod-s01-056-nam-eastus;migrationStage=NotStarted}
{"logTime": "0907/122025", "correlationVector":"8athgGNATyfBQYdR8UActD","action":"Normal GetUpdate request", "result":"", "context":cV=8athgGNATyfBQYdR8UActD
Notified types: History}
{"logTime": "0907/122025", "correlationVector":"8athgGNATyfBQYdR8UActD.1","action":"SyncServerConnectionManagerRequest", "result":"SYNC_SERVER_OK", "context":{"environment":"Prod_eastus2_prod-s01-050-nam-eastus2", "migrationStage":"NotStarted", "server":"akswtt10200000x"}}
{"logTime": "0907/122025", "correlationVector":"8athgGNATyfBQYdR8UActD.2","action":"ProcessGetUpdates", "result":"Done", "context":{"dataType":"Sessions", "deleted":"0", "process_failed_to_decrypt":"0", "process_pending_decryption":"0", "process_success":"2", "total":"2"}}
{"logTime": "0907/122025", "correlationVector":"8athgGNATyfBQYdR8UActD.3","action":"ProcessGetUpdates", "result":"Done", "context":{"dataType":"History", "deleted":"0", "process_failed_to_decrypt":"0", "process_pending_decryption":"0", "process_success":"3", "total":"3"}}
{"logTime": "0907/122025", "correlationVector":"8athgGNATyfBQYdR8UActD.4","action":"GetUpdates Response", "result":"Success", "context":Received 5 update(s). cV=8athgGNATyfBQYdR8UActD.0;server=akswtt10200000x;cloudType=Consumer;environment=Prod_eastus2_prod-s01-050-nam-eastus2;migrationStage=NotStarted}
{"logTime": "0907/122603", "correlationVector":"8lkUJz2TMutjPzsr56595S","action":"Normal GetUpdate request", "result":"", "context":cV=8lkUJz2TMutjPzsr56595S
Notified types: Preferences, Device Info, History}
{"logTime": "0907/122603", "correlationVector":"8lkUJz2TMutjPzsr56595S.1","action":"SyncServerConnectionManagerRequest", "result":"SYNC_SERVER_OK", "context":{"environment":"Prod_eastus_prod-s01-056-nam-eastus", "migrationStage":"NotStarted", "server":"akswtt102000002"}}
{"logTime": "0907/122603", "correlationVector":"8lkUJz2TMutjPzsr56595S.2","action":"ProcessGetUpdates", "result":"Done", "context":{"dataType":"Preferences", "deleted":"0", "process_failed_to_decrypt":"0", "process_pending_decryption":"0", "process_success":"2", "total":"2"}}
{"logTime": "0907/122603", "correlationVector":"8lkUJz2TMutjPzsr56595S.3","action":"ProcessGetUpdates", "result":"Done", "context":{"dataType":"Sessions", "deleted":"1", "process_failed_to_decrypt":"0", "process_pending_decryption":"0", "process_success":"2", "total":"2"}}
{"logTime": "0907/122603", "correlationVector":"8lkUJz2TMutjPzsr56595S.4","action":"ProcessGetUpdates", "result":"Done", "context":{"dataType":"Device Info", "deleted":"0", "process_failed_to_decrypt":"0", "process_pending_decryption":"0", "process_success":"1", "total":"1"}}
{"logTime": "0907/122603", "correlationVector":"8lkUJz2TMutjPzsr56595S.5","action":"ProcessGetUpdates", "result":"Done", "context":{"dataType":"History", "deleted":"0", "process_failed_to_decrypt":"0", "process_pending_decryption":"0", "process_success":"1", "total":"1"}}
{"logTime": "0907/122603", "correlationVector":"8lkUJz2TMutjPzsr56595S.6","action":"GetUpdates Response", "result":"Success", "context":Received 6 update(s). cV=8lkUJz2TMutjPzsr56595S.0;server=akswtt102000002;cloudType=Consumer;environment=Prod_eastus_prod-s01-056-nam-eastus;migrationStage=NotStarted}
{"logTime": "0907/122620", "correlationVector":"FZOFBpx/6E1ZE7g+QSeSMO","action":"Normal GetUpdate request", "result":"", "context":cV=FZOFBpx/6E1ZE7g+QSeSMO
Notified types: Preferences, Device Info, History}
{"logTime": "0907/122620", "correlationVector":"FZOFBpx/6E1ZE7g+QSeSMO.1","action":"SyncServerConnectionManagerRequest", "result":"SYNC_SERVER_OK", "context":{"environment":"Prod_eastus_prod-s01-056-nam-eastus", "migrationStage":"NotStarted", "server":"akswtt10200000d"}}
{"logTime": "0907/122620", "correlationVector":"FZOFBpx/6E1ZE7g+QSeSMO.2","action":"ProcessGetUpdates", "result":"Done", "context":{"dataType":"Preferences", "deleted":"0", "process_failed_to_decrypt":"0", "process_pending_decryption":"0", "process_success":"1", "total":"1"}}
{"logTime": "0907/122620", "correlationVector":"FZOFBpx/6E1ZE7g+QSeSMO.3","action":"ProcessGetUpdates", "result":"Done", "context":{"dataType":"Sessions", "deleted":"0", "process_failed_to_decrypt":"0", "process_pending_decryption":"0", "process_success":"2", "total":"2"}}
{"logTime": "0907/122620", "correlationVector":"FZOFBpx/6E1ZE7g+QSeSMO.4","action":"ProcessGetUpdates", "result":"Done", "context":{"dataType":"Device Info", "deleted":"0", "process_failed_to_decrypt":"0", "process_pending_decryption":"0", "process_success":"1", "total":"1"}}
{"logTime": "0907/122620", "correlationVector":"FZOFBpx/6E1ZE7g+QSeSMO.5","action":"ProcessGetUpdates", "result":"Done", "context":{"dataType":"History", "deleted":"0", "process_failed_to_decrypt":"0", "process_pending_decryption":"0", "process_success":"1", "total":"1"}}
{"logTime": "0907/122620", "correlationVector":"FZOFBpx/6E1ZE7g+QSeSMO.6","action":"GetUpdates Response", "result":"Success", "context":Received 5 update(s). cV=FZOFBpx/6E1ZE7g+QSeSMO.0;server=akswtt10200000d;cloudType=Consumer;environment=Prod_eastus_prod-s01-056-nam-eastus;migrationStage=NotStarted}
{"logTime": "0907/122622", "correlationVector":"We0FReHaT4LGUgj4BCn0fA","action":"Normal GetUpdate request", "result":"", "context":cV=We0FReHaT4LGUgj4BCn0fA
Notified types: Preferences}
{"logTime": "0907/122623", "correlationVector":"We0FReHaT4LGUgj4BCn0fA.1","action":"SyncServerConnectionManagerRequest", "result":"SYNC_SERVER_OK", "context":{"environment":"Prod_eastus_prod-s01-056-nam-eastus", "migrationStage":"NotStarted", "server":"akswtt102000001"}}
{"logTime": "0907/122623", "correlationVector":"We0FReHaT4LGUgj4BCn0fA.2","action":"ProcessGetUpdates", "result":"Done", "context":{"dataType":"Preferences", "deleted":"0", "process_failed_to_decrypt":"0", "process_pending_decryption":"0", "process_success":"1", "total":"1"}}
{"logTime": "0907/122623", "correlationVector":"We0FReHaT4LGUgj4BCn0fA.3","action":"GetUpdates Response", "result":"Success", "context":Received 1 update(s). cV=We0FReHaT4LGUgj4BCn0fA.0;server=akswtt102000001;cloudType=Consumer;environment=Prod_eastus_prod-s01-056-nam-eastus;migrationStage=NotStarted}
{"logTime": "0907/122638", "correlationVector":"Sl9uBrvUZU2Uxb4F3ZPXjf","action":"Normal GetUpdate request", "result":"", "context":cV=Sl9uBrvUZU2Uxb4F3ZPXjf
Notified types: Preferences, Device Info, History}
{"logTime": "0907/122638", "correlationVector":"Sl9uBrvUZU2Uxb4F3ZPXjf.1","action":"SyncServerConnectionManagerRequest", "result":"SYNC_SERVER_OK", "context":{"environment":"Prod_eastus_prod-s01-056-nam-eastus", "migrationStage":"NotStarted", "server":"akswtt102000006"}}
{"logTime": "0907/122638", "correlationVector":"Sl9uBrvUZU2Uxb4F3ZPXjf.2","action":"ProcessGetUpdates", "result":"Done", "context":{"dataType":"Preferences", "deleted":"0", "process_failed_to_decrypt":"0", "process_pending_decryption":"0", "process_success":"2", "total":"2"}}
{"logTime": "0907/122638", "correlationVector":"Sl9uBrvUZU2Uxb4F3ZPXjf.3","action":"ProcessGetUpdates", "result":"Done", "context":{"dataType":"Sessions", "deleted":"1", "process_failed_to_decrypt":"0", "process_pending_decryption":"0", "process_success":"2", "total":"2"}}
{"logTime": "0907/122638", "correlationVector":"Sl9uBrvUZU2Uxb4F3ZPXjf.4","action":"ProcessGetUpdates", "result":"Done", "context":{"dataType":"Device Info", "deleted":"0", "process_failed_to_decrypt":"0", "process_pending_decryption":"0", "process_success":"1", "total":"1"}}
{"logTime": "0907/122638", "correlationVector":"Sl9uBrvUZU2Uxb4F3ZPXjf.5","action":"ProcessGetUpdates", "result":"Done", "context":{"dataType":"History", "deleted":"0", "process_failed_to_decrypt":"0", "process_pending_decryption":"0", "process_success":"1", "total":"1"}}
{"logTime": "0907/122638", "correlationVector":"Sl9uBrvUZU2Uxb4F3ZPXjf.6","action":"GetUpdates Response", "result":"Success", "context":Received 6 update(s). cV=Sl9uBrvUZU2Uxb4F3ZPXjf.0;server=akswtt102000006;cloudType=Consumer;environment=Prod_eastus_prod-s01-056-nam-eastus;migrationStage=NotStarted}
{"logTime": "0907/122649", "correlationVector":"+qEoR9xCXK1mVOldXi0SwT","action":"Normal GetUpdate request", "result":"", "context":cV=+qEoR9xCXK1mVOldXi0SwT
Notified types: Preferences, Device Info}
{"logTime": "0907/122649", "correlationVector":"+qEoR9xCXK1mVOldXi0SwT.1","action":"SyncServerConnectionManagerRequest", "result":"SYNC_SERVER_OK", "context":{"environment":"Prod_eastus_prod-s01-056-nam-eastus", "migrationStage":"NotStarted", "server":"akswtt10200000l"}}
{"logTime": "0907/122649", "correlationVector":"+qEoR9xCXK1mVOldXi0SwT.2","action":"ProcessGetUpdates", "result":"Done", "context":{"dataType":"Preferences", "deleted":"0", "process_failed_to_decrypt":"0", "process_pending_decryption":"0", "process_success":"1", "total":"1"}}
{"logTime": "0907/122649", "correlationVector":"+qEoR9xCXK1mVOldXi0SwT.3","action":"ProcessGetUpdates", "result":"Done", "context":{"dataType":"Device Info", "deleted":"0", "process_failed_to_decrypt":"0", "process_pending_decryption":"0", "process_success":"1", "total":"1"}}
{"logTime": "0907/122649", "correlationVector":"+qEoR9xCXK1mVOldXi0SwT.4","action":"GetUpdates Response", "result":"Success", "context":Received 2 update(s). cV=+qEoR9xCXK1mVOldXi0SwT.0;server=akswtt10200000l;cloudType=Consumer;environment=Prod_eastus_prod-s01-056-nam-eastus;migrationStage=NotStarted}
{"logTime": "0907/122652", "correlationVector":"rfH1aA80egn/vS7/tdJDi4","action":"Normal GetUpdate request", "result":"", "context":cV=rfH1aA80egn/vS7/tdJDi4
Notified types: Preferences}
{"logTime": "0907/122652", "correlationVector":"rfH1aA80egn/vS7/tdJDi4.1","action":"SyncServerConnectionManagerRequest", "result":"SYNC_SERVER_OK", "context":{"environment":"Prod_eastus_prod-s01-056-nam-eastus", "migrationStage":"NotStarted", "server":"akswtt102000006"}}
{"logTime": "0907/122652", "correlationVector":"rfH1aA80egn/vS7/tdJDi4.2","action":"ProcessGetUpdates", "result":"Done", "context":{"dataType":"Preferences", "deleted":"0", "process_failed_to_decrypt":"0", "process_pending_decryption":"0", "process_success":"1", "total":"1"}}
{"logTime": "0907/122652", "correlationVector":"rfH1aA80egn/vS7/tdJDi4.3","action":"GetUpdates Response", "result":"Success", "context":Received 1 update(s). cV=rfH1aA80egn/vS7/tdJDi4.0;server=akswtt102000006;cloudType=Consumer;environment=Prod_eastus_prod-s01-056-nam-eastus;migrationStage=NotStarted}
{"logTime": "0907/122858", "correlationVector":"DZxQEbOoBDp2EZd590dgQP","action":"Normal GetUpdate request", "result":"", "context":cV=DZxQEbOoBDp2EZd590dgQP
Notified types: Device Info, History}
{"logTime": "0907/122858", "correlationVector":"DZxQEbOoBDp2EZd590dgQP.1","action":"SyncServerConnectionManagerRequest", "result":"SYNC_SERVER_OK", "context":{"environment":"Prod_eastus_prod-s01-056-nam-eastus", "migrationStage":"NotStarted", "server":"akswtt10200000c"}}
{"logTime": "0907/122858", "correlationVector":"DZxQEbOoBDp2EZd590dgQP.2","action":"ProcessGetUpdates", "result":"Done", "context":{"dataType":"Sessions", "deleted":"0", "process_failed_to_decrypt":"0", "process_pending_decryption":"0", "process_success":"2", "total":"2"}}
{"logTime": "0907/122858", "correlationVector":"DZxQEbOoBDp2EZd590dgQP.3","action":"ProcessGetUpdates", "result":"Done", "context":{"dataType":"Device Info", "deleted":"0", "process_failed_to_decrypt":"0", "process_pending_decryption":"0", "process_success":"1", "total":"1"}}
{"logTime": "0907/122858", "correlationVector":"DZxQEbOoBDp2EZd590dgQP.4","action":"ProcessGetUpdates", "result":"Done", "context":{"dataType":"History", "deleted":"0", "process_failed_to_decrypt":"0", "process_pending_decryption":"0", "process_success":"7", "total":"7"}}
{"logTime": "0907/122858", "correlationVector":"DZxQEbOoBDp2EZd590dgQP.5","action":"GetUpdates Response", "result":"Success", "context":Received 10 update(s). cV=DZxQEbOoBDp2EZd590dgQP.0;server=akswtt10200000c;cloudType=Consumer;environment=Prod_eastus_prod-s01-056-nam-eastus;migrationStage=NotStarted}
{"logTime": "0907/123006", "correlationVector":"T2QA5QJFpVtFh3AXfBjUUC","action":"Normal GetUpdate request", "result":"", "context":cV=T2QA5QJFpVtFh3AXfBjUUC
Notified types: History}
{"logTime": "0907/123007", "correlationVector":"T2QA5QJFpVtFh3AXfBjUUC.1","action":"SyncServerConnectionManagerRequest", "result":"SYNC_SERVER_OK", "context":{"environment":"Prod_eastus_prod-s01-056-nam-eastus", "migrationStage":"NotStarted", "server":"akswtt102000001"}}
{"logTime": "0907/123007", "correlationVector":"T2QA5QJFpVtFh3AXfBjUUC.2","action":"ProcessGetUpdates", "result":"Done", "context":{"dataType":"Sessions", "deleted":"0", "process_failed_to_decrypt":"0", "process_pending_decryption":"0", "process_success":"2", "total":"2"}}
{"logTime": "0907/123007", "correlationVector":"T2QA5QJFpVtFh3AXfBjUUC.3","action":"ProcessGetUpdates", "result":"Done", "context":{"dataType":"History", "deleted":"0", "process_failed_to_decrypt":"0", "process_pending_decryption":"0", "process_success":"1", "total":"1"}}
{"logTime": "0907/123007", "correlationVector":"T2QA5QJFpVtFh3AXfBjUUC.4","action":"GetUpdates Response", "result":"Success", "context":Received 3 update(s). cV=T2QA5QJFpVtFh3AXfBjUUC.0;server=akswtt102000001;cloudType=Consumer;environment=Prod_eastus_prod-s01-056-nam-eastus;migrationStage=NotStarted}
{"logTime": "0907/123110", "correlationVector":"kakgQ6+bIGClVieUT9qaCd","action":"Normal GetUpdate request", "result":"", "context":cV=kakgQ6+bIGClVieUT9qaCd
Notified types: Device Info, History}
{"logTime": "0907/123110", "correlationVector":"kakgQ6+bIGClVieUT9qaCd.1","action":"SyncServerConnectionManagerRequest", "result":"SYNC_SERVER_OK", "context":{"environment":"Prod_eastus_prod-s01-056-nam-eastus", "migrationStage":"NotStarted", "server":"akswtt102000001"}}
{"logTime": "0907/123110", "correlationVector":"kakgQ6+bIGClVieUT9qaCd.2","action":"ProcessGetUpdates", "result":"Done", "context":{"dataType":"Sessions", "deleted":"1", "process_failed_to_decrypt":"0", "process_pending_decryption":"0", "process_success":"2", "total":"2"}}
{"logTime": "0907/123110", "correlationVector":"kakgQ6+bIGClVieUT9qaCd.3","action":"ProcessGetUpdates", "result":"Done", "context":{"dataType":"Device Info", "deleted":"0", "process_failed_to_decrypt":"0", "process_pending_decryption":"0", "process_success":"1", "total":"1"}}
{"logTime": "0907/123110", "correlationVector":"kakgQ6+bIGClVieUT9qaCd.4","action":"ProcessGetUpdates", "result":"Done", "context":{"dataType":"History", "deleted":"0", "process_failed_to_decrypt":"0", "process_pending_decryption":"0", "process_success":"1", "total":"1"}}
{"logTime": "0907/123110", "correlationVector":"kakgQ6+bIGClVieUT9qaCd.5","action":"GetUpdates Response", "result":"Success", "context":Received 4 update(s). cV=kakgQ6+bIGClVieUT9qaCd.0;server=akswtt102000001;cloudType=Consumer;environment=Prod_eastus_prod-s01-056-nam-eastus;migrationStage=NotStarted}
{"logTime": "0907/123118", "correlationVector":"heKm31UdsNxPA7if1w3+VL","action":"Normal GetUpdate request", "result":"", "context":cV=heKm31UdsNxPA7if1w3+VL
Notified types: Preferences, Device Info}
{"logTime": "0907/123118", "correlationVector":"heKm31UdsNxPA7if1w3+VL.1","action":"SyncServerConnectionManagerRequest", "result":"SYNC_SERVER_OK", "context":{"environment":"Prod_eastus_prod-s01-056-nam-eastus", "migrationStage":"NotStarted", "server":"akswtt10200000k"}}
{"logTime": "0907/123118", "correlationVector":"heKm31UdsNxPA7if1w3+VL.2","action":"ProcessGetUpdates", "result":"Done", "context":{"dataType":"Preferences", "deleted":"0", "process_failed_to_decrypt":"0", "process_pending_decryption":"0", "process_success":"1", "total":"1"}}
{"logTime": "0907/123118", "correlationVector":"heKm31UdsNxPA7if1w3+VL.3","action":"ProcessGetUpdates", "result":"Done", "context":{"dataType":"Device Info", "deleted":"0", "process_failed_to_decrypt":"0", "process_pending_decryption":"0", "process_success":"1", "total":"1"}}
{"logTime": "0907/123118", "correlationVector":"heKm31UdsNxPA7if1w3+VL.4","action":"GetUpdates Response", "result":"Success", "context":Received 2 update(s). cV=heKm31UdsNxPA7if1w3+VL.0;server=akswtt10200000k;cloudType=Consumer;environment=Prod_eastus_prod-s01-056-nam-eastus;migrationStage=NotStarted}
{"logTime": "0907/123120", "correlationVector":"34SI0/z349RIonj1Oze2Ww","action":"Normal GetUpdate request", "result":"", "context":cV=34SI0/z349RIonj1Oze2Ww
Notified types: Preferences}
{"logTime": "0907/123120", "correlationVector":"34SI0/z349RIonj1Oze2Ww.1","action":"SyncServerConnectionManagerRequest", "result":"SYNC_SERVER_OK", "context":{"environment":"Prod_eastus_prod-s01-056-nam-eastus", "migrationStage":"NotStarted", "server":"akswtt102000000"}}
{"logTime": "0907/123120", "correlationVector":"34SI0/z349RIonj1Oze2Ww.2","action":"ProcessGetUpdates", "result":"Done", "context":{"dataType":"Preferences", "deleted":"0", "process_failed_to_decrypt":"0", "process_pending_decryption":"0", "process_success":"2", "total":"2"}}
{"logTime": "0907/123120", "correlationVector":"34SI0/z349RIonj1Oze2Ww.3","action":"GetUpdates Response", "result":"Success", "context":Received 2 update(s). cV=34SI0/z349RIonj1Oze2Ww.0;server=akswtt102000000;cloudType=Consumer;environment=Prod_eastus_prod-s01-056-nam-eastus;migrationStage=NotStarted}
{"logTime": "0907/123305", "correlationVector":"PgsVKgZoVuAYfiSLeDHE7P","action":"Normal GetUpdate request", "result":"", "context":cV=PgsVKgZoVuAYfiSLeDHE7P
Notified types: Device Info, History}
{"logTime": "0907/123305", "correlationVector":"PgsVKgZoVuAYfiSLeDHE7P.1","action":"SyncServerConnectionManagerRequest", "result":"SYNC_SERVER_OK", "context":{"environment":"Prod_eastus_prod-s01-056-nam-eastus", "migrationStage":"NotStarted", "server":"akswtt102000006"}}
{"logTime": "0907/123305", "correlationVector":"PgsVKgZoVuAYfiSLeDHE7P.2","action":"ProcessGetUpdates", "result":"Done", "context":{"dataType":"Sessions", "deleted":"0", "process_failed_to_decrypt":"0", "process_pending_decryption":"0", "process_success":"2", "total":"2"}}
{"logTime": "0907/123305", "correlationVector":"PgsVKgZoVuAYfiSLeDHE7P.3","action":"ProcessGetUpdates", "result":"Done", "context":{"dataType":"Device Info", "deleted":"0", "process_failed_to_decrypt":"0", "process_pending_decryption":"0", "process_success":"1", "total":"1"}}
{"logTime": "0907/123305", "correlationVector":"PgsVKgZoVuAYfiSLeDHE7P.4","action":"ProcessGetUpdates", "result":"Done", "context":{"dataType":"History", "deleted":"0", "process_failed_to_decrypt":"0", "process_pending_decryption":"0", "process_success":"3", "total":"3"}}
{"logTime": "0907/123305", "correlationVector":"PgsVKgZoVuAYfiSLeDHE7P.5","action":"GetUpdates Response", "result":"Success", "context":Received 6 update(s). cV=PgsVKgZoVuAYfiSLeDHE7P.0;server=akswtt102000006;cloudType=Consumer;environment=Prod_eastus_prod-s01-056-nam-eastus;migrationStage=NotStarted}
{"logTime": "0907/123407", "correlationVector":"weKq3ak58EnylsdgO5aUXB","action":"Normal GetUpdate request", "result":"", "context":cV=weKq3ak58EnylsdgO5aUXB
Notified types: Device Info, History}
{"logTime": "0907/123407", "correlationVector":"weKq3ak58EnylsdgO5aUXB.1","action":"SyncServerConnectionManagerRequest", "result":"SYNC_SERVER_OK", "context":{"environment":"Prod_eastus_prod-s01-056-nam-eastus", "migrationStage":"NotStarted", "server":"akswtt102000004"}}
{"logTime": "0907/123407", "correlationVector":"weKq3ak58EnylsdgO5aUXB.2","action":"ProcessGetUpdates", "result":"Done", "context":{"dataType":"Sessions", "deleted":"0", "process_failed_to_decrypt":"0", "process_pending_decryption":"0", "process_success":"2", "total":"2"}}
{"logTime": "0907/123407", "correlationVector":"weKq3ak58EnylsdgO5aUXB.3","action":"ProcessGetUpdates", "result":"Done", "context":{"dataType":"Device Info", "deleted":"0", "process_failed_to_decrypt":"0", "process_pending_decryption":"0", "process_success":"1", "total":"1"}}
{"logTime": "0907/123407", "correlationVector":"weKq3ak58EnylsdgO5aUXB.4","action":"ProcessGetUpdates", "result":"Done", "context":{"dataType":"History", "deleted":"0", "process_failed_to_decrypt":"0", "process_pending_decryption":"0", "process_success":"3", "total":"3"}}
{"logTime": "0907/123407", "correlationVector":"weKq3ak58EnylsdgO5aUXB.5","action":"GetUpdates Response", "result":"Success", "context":Received 6 update(s). cV=weKq3ak58EnylsdgO5aUXB.0;server=akswtt102000004;cloudType=Consumer;environment=Prod_eastus_prod-s01-056-nam-eastus;migrationStage=NotStarted}
{"logTime": "0907/123536", "correlationVector":"MNmLQzehfPaO7MJQQRHMmh","action":"Normal GetUpdate request", "result":"", "context":cV=MNmLQzehfPaO7MJQQRHMmh
Notified types: History}
{"logTime": "0907/123536", "correlationVector":"MNmLQzehfPaO7MJQQRHMmh.1","action":"SyncServerConnectionManagerRequest", "result":"SYNC_SERVER_OK", "context":{"environment":"Prod_eastus_prod-s01-056-nam-eastus", "migrationStage":"NotStarted", "server":"akswtt102000000"}}
{"logTime": "0907/123536", "correlationVector":"MNmLQzehfPaO7MJQQRHMmh.2","action":"ProcessGetUpdates", "result":"Done", "context":{"dataType":"Sessions", "deleted":"1", "process_failed_to_decrypt":"0", "process_pending_decryption":"0", "process_success":"3", "total":"3"}}
{"logTime": "0907/123536", "correlationVector":"MNmLQzehfPaO7MJQQRHMmh.3","action":"ProcessGetUpdates", "result":"Done", "context":{"dataType":"History", "deleted":"0", "process_failed_to_decrypt":"0", "process_pending_decryption":"0", "process_success":"1", "total":"1"}}
{"logTime": "0907/123536", "correlationVector":"MNmLQzehfPaO7MJQQRHMmh.4","action":"GetUpdates Response", "result":"Success", "context":Received 4 update(s). cV=MNmLQzehfPaO7MJQQRHMmh.0;server=akswtt102000000;cloudType=Consumer;environment=Prod_eastus_prod-s01-056-nam-eastus;migrationStage=NotStarted}
{"logTime": "0907/123656", "correlationVector":"ZCFAFEilSVDLcfhKHNXXtI","action":"Normal GetUpdate request", "result":"", "context":cV=ZCFAFEilSVDLcfhKHNXXtI
Notified types: History}
{"logTime": "0907/123656", "correlationVector":"ZCFAFEilSVDLcfhKHNXXtI.1","action":"SyncServerConnectionManagerRequest", "result":"SYNC_SERVER_OK", "context":{"environment":"Prod_eastus_prod-s01-056-nam-eastus", "migrationStage":"NotStarted", "server":"akswtt102000003"}}
{"logTime": "0907/123656", "correlationVector":"ZCFAFEilSVDLcfhKHNXXtI.2","action":"ProcessGetUpdates", "result":"Done", "context":{"dataType":"Sessions", "deleted":"0", "process_failed_to_decrypt":"0", "process_pending_decryption":"0", "process_success":"1", "total":"1"}}
{"logTime": "0907/123656", "correlationVector":"ZCFAFEilSVDLcfhKHNXXtI.3","action":"ProcessGetUpdates", "result":"Done", "context":{"dataType":"History", "deleted":"0", "process_failed_to_decrypt":"0", "process_pending_decryption":"0", "process_success":"3", "total":"3"}}
{"logTime": "0907/123656", "correlationVector":"ZCFAFEilSVDLcfhKHNXXtI.4","action":"GetUpdates Response", "result":"Success", "context":Received 4 update(s). cV=ZCFAFEilSVDLcfhKHNXXtI.0;server=akswtt102000003;cloudType=Consumer;environment=Prod_eastus_prod-s01-056-nam-eastus;migrationStage=NotStarted}
{"logTime": "0907/123915", "correlationVector":"cf/nTz5ESieEPiEwV9LfT6","action":"Normal GetUpdate request", "result":"", "context":cV=cf/nTz5ESieEPiEwV9LfT6
Notified types: History}
{"logTime": "0907/123915", "correlationVector":"cf/nTz5ESieEPiEwV9LfT6.1","action":"SyncServerConnectionManagerRequest", "result":"SYNC_SERVER_OK", "context":{"environment":"Prod_eastus_prod-s01-056-nam-eastus", "migrationStage":"NotStarted", "server":"akswtt102000008"}}
{"logTime": "0907/123915", "correlationVector":"cf/nTz5ESieEPiEwV9LfT6.2","action":"ProcessGetUpdates", "result":"Done", "context":{"dataType":"Sessions", "deleted":"0", "process_failed_to_decrypt":"0", "process_pending_decryption":"0", "process_success":"5", "total":"5"}}
{"logTime": "0907/123915", "correlationVector":"cf/nTz5ESieEPiEwV9LfT6.3","action":"ProcessGetUpdates", "result":"Done", "context":{"dataType":"History", "deleted":"0", "process_failed_to_decrypt":"0", "process_pending_decryption":"0", "process_success":"12", "total":"12"}}
{"logTime": "0907/123915", "correlationVector":"cf/nTz5ESieEPiEwV9LfT6.4","action":"GetUpdates Response", "result":"Success", "context":Received 17 update(s). cV=cf/nTz5ESieEPiEwV9LfT6.0;server=akswtt102000008;cloudType=Consumer;environment=Prod_eastus_prod-s01-056-nam-eastus;migrationStage=NotStarted}
{"logTime": "0907/124044", "correlationVector":"7FTqpRc8GveoY+gX7goKtq","action":"Normal GetUpdate request", "result":"", "context":cV=7FTqpRc8GveoY+gX7goKtq
Notified types: History}
{"logTime": "0907/124044", "correlationVector":"7FTqpRc8GveoY+gX7goKtq.1","action":"SyncServerConnectionManagerRequest", "result":"SYNC_SERVER_OK", "context":{"environment":"Prod_eastus_prod-s01-056-nam-eastus", "migrationStage":"NotStarted", "server":"akswtt10200000a"}}
{"logTime": "0907/124044", "correlationVector":"7FTqpRc8GveoY+gX7goKtq.2","action":"ProcessGetUpdates", "result":"Done", "context":{"dataType":"Sessions", "deleted":"0", "process_failed_to_decrypt":"0", "process_pending_decryption":"0", "process_success":"1", "total":"1"}}
{"logTime": "0907/124044", "correlationVector":"7FTqpRc8GveoY+gX7goKtq.3","action":"ProcessGetUpdates", "result":"Done", "context":{"dataType":"History", "deleted":"0", "process_failed_to_decrypt":"0", "process_pending_decryption":"0", "process_success":"4", "total":"4"}}
{"logTime": "0907/124044", "correlationVector":"7FTqpRc8GveoY+gX7goKtq.4","action":"GetUpdates Response", "result":"Success", "context":Received 5 update(s). cV=7FTqpRc8GveoY+gX7goKtq.0;server=akswtt10200000a;cloudType=Consumer;environment=Prod_eastus_prod-s01-056-nam-eastus;migrationStage=NotStarted}
