2025-09-05 08:58:40.537: [INFO][Sync] Reset engine, reason: 8
2025-09-05 08:58:40.537: [INFO][Sync] Stopped: Bookmarks
2025-09-05 08:58:40.537: [INFO][Sync] Stopped: Preferences
2025-09-05 08:58:40.537: [INFO][Sync] Stopped: Passwords
2025-09-05 08:58:40.537: [INFO][Sync] Stopped: Autofill Profiles
2025-09-05 08:58:40.537: [INFO][Sync] Stopped: Autofill
2025-09-05 08:58:40.537: [INFO][Sync] Stopped: Extensions
2025-09-05 08:58:40.537: [INFO][Sync] Stopped: Sessions
2025-09-05 08:58:40.537: [INFO][Sync] Stopped: Extension settings
2025-09-05 08:58:40.537: [INFO][Sync] Stopped: History Delete Directives
2025-09-05 08:58:40.537: [INFO][Sync] Stopped: Device Info
2025-09-05 08:58:40.537: [INFO][Sync] Stopped: User Consents
2025-09-05 08:58:40.537: [INFO][Sync] Stopped: Send Tab To Self
2025-09-05 08:58:40.537: [INFO][Sync] Stopped: Web Apps
2025-09-05 08:58:40.537: [INFO][Sync] Stopped: History
2025-09-05 08:58:40.537: [INFO][Sync] Stopped: Saved Tab Group
2025-09-05 08:58:40.537: [INFO][Sync] Stopped: WebAuthn Credentials
2025-09-05 08:58:40.537: [INFO][Sync] Stopped: Collection
2025-09-05 08:58:40.537: [INFO][Sync] Stopped: Edge E Drop
2025-09-05 08:58:40.537: [INFO][Sync] Stopped: Edge Hub App Usage
2025-09-05 08:58:40.537: [INFO][Sync] Stopped: Edge Wallet
2025-09-05 08:58:40.537: [INFO][Sync] SyncState after authenticated was: NotSignedIn
2025-09-05 08:58:40.911: [INFO][Sync] Reset engine, reason: 8
2025-09-05 08:58:40.911: [INFO][Sync] Stopped: Bookmarks
2025-09-05 08:58:40.911: [INFO][Sync] Stopped: Preferences
2025-09-05 08:58:40.911: [INFO][Sync] Stopped: Passwords
2025-09-05 08:58:40.911: [INFO][Sync] Stopped: Autofill Profiles
2025-09-05 08:58:40.911: [INFO][Sync] Stopped: Autofill
2025-09-05 08:58:40.911: [INFO][Sync] Stopped: Extensions
2025-09-05 08:58:40.911: [INFO][Sync] Stopped: Sessions
2025-09-05 08:58:40.911: [INFO][Sync] Stopped: Extension settings
2025-09-05 08:58:40.911: [INFO][Sync] Stopped: History Delete Directives
2025-09-05 08:58:40.911: [INFO][Sync] Stopped: Device Info
2025-09-05 08:58:40.911: [INFO][Sync] Stopped: User Consents
2025-09-05 08:58:40.911: [INFO][Sync] Stopped: Send Tab To Self
2025-09-05 08:58:40.911: [INFO][Sync] Stopped: Web Apps
2025-09-05 08:58:40.911: [INFO][Sync] Stopped: History
2025-09-05 08:58:40.911: [INFO][Sync] Stopped: Saved Tab Group
2025-09-05 08:58:40.911: [INFO][Sync] Stopped: WebAuthn Credentials
2025-09-05 08:58:40.911: [INFO][Sync] Stopped: Collection
2025-09-05 08:58:40.911: [INFO][Sync] Stopped: Edge E Drop
2025-09-05 08:58:40.911: [INFO][Sync] Stopped: Edge Hub App Usage
2025-09-05 08:58:40.911: [INFO][Sync] Stopped: Edge Wallet
2025-09-05 08:59:14.937: [INFO][Sync] Reset engine, reason: 0
2025-09-05 09:04:50.766: [INFO][Sync] Reset engine, reason: 8
2025-09-05 09:04:50.766: [INFO][Sync] Stopped: Bookmarks
2025-09-05 09:04:50.766: [INFO][Sync] Stopped: Preferences
2025-09-05 09:04:50.766: [INFO][Sync] Stopped: Passwords
2025-09-05 09:04:50.766: [INFO][Sync] Stopped: Autofill Profiles
2025-09-05 09:04:50.766: [INFO][Sync] Stopped: Autofill
2025-09-05 09:04:50.766: [INFO][Sync] Stopped: Extensions
2025-09-05 09:04:50.766: [INFO][Sync] Stopped: Sessions
2025-09-05 09:04:50.766: [INFO][Sync] Stopped: Extension settings
2025-09-05 09:04:50.766: [INFO][Sync] Stopped: History Delete Directives
2025-09-05 09:04:50.766: [INFO][Sync] Stopped: Device Info
2025-09-05 09:04:50.766: [INFO][Sync] Stopped: User Consents
2025-09-05 09:04:50.766: [INFO][Sync] Stopped: Send Tab To Self
2025-09-05 09:04:50.766: [INFO][Sync] Stopped: Web Apps
2025-09-05 09:04:50.766: [INFO][Sync] Stopped: History
2025-09-05 09:04:50.766: [INFO][Sync] Stopped: Saved Tab Group
2025-09-05 09:04:50.766: [INFO][Sync] Stopped: WebAuthn Credentials
2025-09-05 09:04:50.766: [INFO][Sync] Stopped: Collection
2025-09-05 09:04:50.766: [INFO][Sync] Stopped: Edge E Drop
2025-09-05 09:04:50.766: [INFO][Sync] Stopped: Edge Hub App Usage
2025-09-05 09:04:50.766: [INFO][Sync] Stopped: Edge Wallet
2025-09-05 09:04:50.766: [INFO][Sync] SyncState after authenticated was: NotSignedIn
2025-09-05 09:04:50.967: [INFO][Sync] Reset engine, reason: 8
2025-09-05 09:04:50.967: [INFO][Sync] Stopped: Bookmarks
2025-09-05 09:04:50.967: [INFO][Sync] Stopped: Preferences
2025-09-05 09:04:50.967: [INFO][Sync] Stopped: Passwords
2025-09-05 09:04:50.967: [INFO][Sync] Stopped: Autofill Profiles
2025-09-05 09:04:50.967: [INFO][Sync] Stopped: Autofill
2025-09-05 09:04:50.967: [INFO][Sync] Stopped: Extensions
2025-09-05 09:04:50.967: [INFO][Sync] Stopped: Sessions
2025-09-05 09:04:50.967: [INFO][Sync] Stopped: Extension settings
2025-09-05 09:04:50.967: [INFO][Sync] Stopped: History Delete Directives
2025-09-05 09:04:50.967: [INFO][Sync] Stopped: Device Info
2025-09-05 09:04:50.967: [INFO][Sync] Stopped: User Consents
2025-09-05 09:04:50.967: [INFO][Sync] Stopped: Send Tab To Self
2025-09-05 09:04:50.967: [INFO][Sync] Stopped: Web Apps
2025-09-05 09:04:50.967: [INFO][Sync] Stopped: History
2025-09-05 09:04:50.967: [INFO][Sync] Stopped: Saved Tab Group
2025-09-05 09:04:50.967: [INFO][Sync] Stopped: WebAuthn Credentials
2025-09-05 09:04:50.967: [INFO][Sync] Stopped: Collection
2025-09-05 09:04:50.967: [INFO][Sync] Stopped: Edge E Drop
2025-09-05 09:04:50.967: [INFO][Sync] Stopped: Edge Hub App Usage
2025-09-05 09:04:50.967: [INFO][Sync] Stopped: Edge Wallet
2025-09-05 09:05:31.521: [INFO][Sync] Try to start sync engine
2025-09-05 09:05:31.521: [INFO][SyncManagerImpl::NudgeForInitialDownload] Initial download nudge for Encryption Keys
2025-09-05 09:05:31.521: [INFO][SyncEngineBackend::LoadAndConnectNigoriController] Load and connect Nigori controller
2025-09-05 09:05:31.521: [INFO][SyncEngineBackend::DoInitialize] Control Types added: Encryption Keys
2025-09-05 09:05:31.521: [INFO][SyncManagerImpl::ConfigureSyncer] Types to download: Encryption Keys with reason: 3
2025-09-05 09:05:31.521: [INFO][SyncSchedulerImpl::DoConfigurationSyncCycleJob] Configure job was blocked
2025-09-05 09:05:31.634: [INFO][SyncAuthManager::SetLastAuthError] Current auth error: None
2025-09-05 09:05:31.634: [INFO][SyncAuthManager::EdgeLogTokenErrorState] Token error with: None for account type: MSA
2025-09-05 09:05:31.634: [INFO][Sync] Credentials changed for: EdgeSyncKeyDataScope
2025-09-05 09:05:31.635: [INFO][SyncEngineBackend::DoUpdateKeyDataCredentials] Update key data credentials
2025-09-05 09:05:31.975: [INFO][SyncAuthManager::SetLastAuthError] Current auth error: None
2025-09-05 09:05:31.976: [INFO][SyncAuthManager::EdgeLogTokenErrorState] Token error with: None for account type: MSA
2025-09-05 09:05:31.976: [INFO][Sync] Credentials changed for: EdgeSyncScopeNew
2025-09-05 09:05:31.976: [INFO][SyncEngineBackend::DoUpdateCredentials] Update credentials
2025-09-05 09:05:31.976: [INFO][SyncEngineBackend::DoUpdateKeyDataCredentials] Update key data credentials
2025-09-05 09:05:31.976: [INFO][SyncSchedulerImpl::DoConfigurationSyncCycleJob] Blocked types:  and types to download: Encryption Keys
2025-09-05 09:05:32.577: [INFO][Sync] Started DataTypeManager configuration, reason: 4
2025-09-05 09:05:32.577: [INFO][Sync] Configuring for: Bookmarks, Preferences, Passwords, Autofill Profiles, Autofill, Extensions, Sessions, Extension settings, History Delete Directives, Device Info, User Consents, Send Tab To Self, Web Apps, History, Saved Tab Group, WebAuthn Credentials, Collection, Edge E Drop, Edge Hub App Usage, Edge Wallet, Encryption Keys, reason: 3, current state: 0
2025-09-05 09:05:32.577: [WARN][Sync] Crypto error data types: Passwords, Autofill Profiles, Autofill
2025-09-05 09:05:32.578: [INFO][Sync] Configure, desired: Bookmarks, Preferences, Extensions, Sessions, Extension settings, History Delete Directives, Device Info, User Consents, Send Tab To Self, Web Apps, History, Saved Tab Group, WebAuthn Credentials, Collection, Edge E Drop, Edge Hub App Usage, Edge Wallet, Encryption Keys; Allow fail: Passwords, Autofill Profiles, Autofill
2025-09-05 09:05:32.578: [INFO][Sync] Loading: Bookmarks
2025-09-05 09:05:32.578: [INFO][Sync] Loading: Preferences
2025-09-05 09:05:32.578: [INFO][Sync] Loading: Extensions
2025-09-05 09:05:32.578: [INFO][Sync] Loading: Sessions
2025-09-05 09:05:32.578: [INFO][Sync] Loading: Extension settings
2025-09-05 09:05:32.578: [INFO][Sync] Loading: History Delete Directives
2025-09-05 09:05:32.578: [INFO][Sync] Loading: Device Info
2025-09-05 09:05:32.578: [INFO][Sync] Loading: User Consents
2025-09-05 09:05:32.578: [INFO][Sync] Loading: Send Tab To Self
2025-09-05 09:05:32.578: [INFO][Sync] Loading: Web Apps
2025-09-05 09:05:32.578: [INFO][Sync] Loading: History
2025-09-05 09:05:32.578: [INFO][Sync] Loading: Saved Tab Group
2025-09-05 09:05:32.578: [INFO][Sync] Loading: WebAuthn Credentials
2025-09-05 09:05:32.578: [INFO][Sync] Loading: Collection
2025-09-05 09:05:32.578: [INFO][Sync] Loading: Edge E Drop
2025-09-05 09:05:32.578: [INFO][Sync] Loading: Edge Hub App Usage
2025-09-05 09:05:32.578: [INFO][Sync] Loading: Edge Wallet
2025-09-05 09:05:32.582: [INFO][Sync] All data types are ready for configure.
2025-09-05 09:05:32.942: [INFO][Sync] Started DataTypeManager configuration, reason: 5
2025-09-05 09:05:32.942: [INFO][Sync] Configuring for: Bookmarks, Preferences, Passwords, Autofill Profiles, Autofill, Extensions, Sessions, Extension settings, History Delete Directives, Device Info, User Consents, Send Tab To Self, Web Apps, History, Saved Tab Group, WebAuthn Credentials, Collection, Edge E Drop, Edge Hub App Usage, Edge Wallet, Encryption Keys, reason: 5, current state: 1
2025-09-05 09:05:32.946: [INFO][SyncEngineBackend::DoStartConfiguration] Start configuration
2025-09-05 09:05:32.946: [INFO][SyncManagerImpl::NudgeForInitialDownload] Initial download nudge for Bookmarks
2025-09-05 09:05:32.946: [INFO][SyncManagerImpl::NudgeForInitialDownload] Initial download nudge for Preferences
2025-09-05 09:05:32.946: [INFO][SyncManagerImpl::NudgeForInitialDownload] Initial download nudge for Extensions
2025-09-05 09:05:32.946: [INFO][SyncManagerImpl::NudgeForInitialDownload] Initial download nudge for Sessions
2025-09-05 09:05:32.946: [INFO][SyncManagerImpl::NudgeForInitialDownload] Initial download nudge for Extension settings
2025-09-05 09:05:32.946: [INFO][SyncManagerImpl::NudgeForInitialDownload] Initial download nudge for History Delete Directives
2025-09-05 09:05:32.946: [INFO][SyncManagerImpl::NudgeForInitialDownload] Initial download nudge for Device Info
2025-09-05 09:05:32.946: [INFO][SyncManagerImpl::NudgeForInitialDownload] Initial download nudge for Send Tab To Self
2025-09-05 09:05:32.946: [INFO][SyncManagerImpl::NudgeForInitialDownload] Initial download nudge for Web Apps
2025-09-05 09:05:32.946: [INFO][SyncManagerImpl::NudgeForInitialDownload] Initial download nudge for History
2025-09-05 09:05:32.946: [INFO][SyncManagerImpl::NudgeForInitialDownload] Initial download nudge for Saved Tab Group
2025-09-05 09:05:32.946: [INFO][SyncManagerImpl::NudgeForInitialDownload] Initial download nudge for WebAuthn Credentials
2025-09-05 09:05:32.946: [INFO][SyncManagerImpl::NudgeForInitialDownload] Initial download nudge for Collection
2025-09-05 09:05:32.946: [INFO][SyncManagerImpl::NudgeForInitialDownload] Initial download nudge for Edge E Drop
2025-09-05 09:05:32.946: [INFO][SyncManagerImpl::NudgeForInitialDownload] Initial download nudge for Edge Hub App Usage
2025-09-05 09:05:32.946: [INFO][SyncManagerImpl::NudgeForInitialDownload] Initial download nudge for Edge Wallet
2025-09-05 09:05:32.946: [INFO][SyncManagerImpl::ConfigureSyncer] Types to download:  with reason: 3
2025-09-05 09:05:32.946: [INFO][SyncEngineBackend::DoFinishConfigureDataTypes] Failed to download types:  and succeeded types: 
2025-09-05 09:05:32.946: [INFO][Sync] ConfigurationDone, failed: , succeeded: , remaining count: 4
2025-09-05 09:05:32.946: [WARN][Sync]     Reconfigure requested while configuration ongoing.
2025-09-05 09:05:32.946: [INFO][Sync] Configuring for: Bookmarks, Preferences, Passwords, Autofill Profiles, Autofill, Extensions, Sessions, Extension settings, History Delete Directives, Device Info, User Consents, Send Tab To Self, Web Apps, History, Saved Tab Group, WebAuthn Credentials, Collection, Edge E Drop, Edge Hub App Usage, Edge Wallet, Encryption Keys, reason: 5, current state: 2
2025-09-05 09:05:32.946: [INFO][Sync] Configure, desired: Bookmarks, Preferences, Passwords, Autofill Profiles, Autofill, Extensions, Sessions, Extension settings, History Delete Directives, Device Info, User Consents, Send Tab To Self, Web Apps, History, Saved Tab Group, WebAuthn Credentials, Collection, Edge E Drop, Edge Hub App Usage, Edge Wallet, Encryption Keys; Allow fail: 
2025-09-05 09:05:32.946: [INFO][Sync] Loading: Passwords
2025-09-05 09:05:32.946: [INFO][Sync] Loading: Autofill Profiles
2025-09-05 09:05:32.946: [INFO][Sync] Loading: Autofill
2025-09-05 09:05:32.946: [INFO][Sync] All data types are ready for configure.
2025-09-05 09:05:32.946: [INFO][SyncManagerImpl::NudgeForInitialDownload] Initial download nudge for Passwords
2025-09-05 09:05:32.946: [INFO][SyncManagerImpl::NudgeForInitialDownload] Initial download nudge for Autofill Profiles
2025-09-05 09:05:32.946: [INFO][SyncManagerImpl::NudgeForInitialDownload] Initial download nudge for Autofill
2025-09-05 09:05:32.947: [INFO][SyncManagerImpl::ConfigureSyncer] Types to download:  with reason: 5
2025-09-05 09:05:32.947: [INFO][SyncEngineBackend::DoFinishConfigureDataTypes] Failed to download types:  and succeeded types: 
2025-09-05 09:05:32.947: [INFO][Sync] ConfigurationDone, failed: , succeeded: , remaining count: 4
2025-09-05 09:05:32.947: [INFO][Sync] Prepare to configure types: Preferences, Passwords, Device Info, Send Tab To Self, Edge E Drop, Encryption Keys
2025-09-05 09:05:32.947: [INFO][SyncManagerImpl::ConfigureSyncer] Types to download: Preferences, Passwords, Device Info, Send Tab To Self, Edge E Drop, Encryption Keys with reason: 5
2025-09-05 09:05:32.947: [INFO][SyncSchedulerImpl::DoConfigurationSyncCycleJob] Blocked types:  and types to download: Preferences, Passwords, Device Info, Send Tab To Self, Edge E Drop, Encryption Keys
2025-09-05 09:05:40.531: [INFO][SyncEngineBackend::DoFinishConfigureDataTypes] Failed to download types:  and succeeded types: Preferences, Passwords, Device Info, Send Tab To Self, Edge E Drop, Encryption Keys
2025-09-05 09:05:40.535: [INFO][Sync] ConfigurationDone, failed: , succeeded: Preferences, Passwords, Device Info, Send Tab To Self, Edge E Drop, Encryption Keys, remaining count: 3
2025-09-05 09:05:40.535: [INFO][Sync] Prepare to configure types: Bookmarks, Encryption Keys
2025-09-05 09:05:40.535: [INFO][SyncManagerImpl::ConfigureSyncer] Types to download: Bookmarks, Encryption Keys with reason: 5
2025-09-05 09:05:40.535: [INFO][SyncSchedulerImpl::DoConfigurationSyncCycleJob] Blocked types:  and types to download: Bookmarks, Encryption Keys
2025-09-05 09:05:40.939: [INFO][SyncEngineBackend::DoFinishConfigureDataTypes] Failed to download types:  and succeeded types: Bookmarks, Encryption Keys
2025-09-05 09:05:40.962: [INFO][Sync] ConfigurationDone, failed: , succeeded: Bookmarks, Encryption Keys, remaining count: 2
2025-09-05 09:05:40.962: [INFO][Sync] Prepare to configure types: Autofill Profiles, Autofill, Extensions, Sessions, Extension settings, History Delete Directives, Web Apps, Saved Tab Group, WebAuthn Credentials, Collection, Edge Hub App Usage, Edge Wallet, Encryption Keys
2025-09-05 09:05:40.963: [INFO][SyncManagerImpl::ConfigureSyncer] Types to download: Autofill Profiles, Autofill, Extensions, Sessions, Extension settings, History Delete Directives, Web Apps, Saved Tab Group, WebAuthn Credentials, Collection, Edge Hub App Usage, Edge Wallet, Encryption Keys with reason: 5
2025-09-05 09:05:40.963: [INFO][SyncSchedulerImpl::DoConfigurationSyncCycleJob] Blocked types:  and types to download: Autofill Profiles, Autofill, Extensions, Sessions, Extension settings, History Delete Directives, Web Apps, Saved Tab Group, WebAuthn Credentials, Collection, Edge Hub App Usage, Edge Wallet, Encryption Keys
2025-09-05 09:06:11.540: [INFO][SyncEngineBackend::DoFinishConfigureDataTypes] Failed to download types:  and succeeded types: Autofill Profiles, Autofill, Extensions, Sessions, Extension settings, History Delete Directives, Web Apps, Saved Tab Group, WebAuthn Credentials, Collection, Edge Hub App Usage, Edge Wallet, Encryption Keys
2025-09-05 09:06:11.547: [INFO][Sync] ConfigurationDone, failed: , succeeded: Autofill Profiles, Autofill, Extensions, Sessions, Extension settings, History Delete Directives, Web Apps, Saved Tab Group, WebAuthn Credentials, Collection, Edge Hub App Usage, Edge Wallet, Encryption Keys, remaining count: 1
2025-09-05 09:06:11.548: [INFO][Sync] Prepare to configure types: History, Encryption Keys
2025-09-05 09:06:11.565: [INFO][SyncManagerImpl::ConfigureSyncer] Types to download: History, Encryption Keys with reason: 5
2025-09-05 09:06:11.565: [INFO][SyncSchedulerImpl::DoConfigurationSyncCycleJob] Blocked types:  and types to download: History, Encryption Keys
2025-09-05 09:06:28.254: [INFO][SyncEngineBackend::DoFinishConfigureDataTypes] Failed to download types:  and succeeded types: History, Encryption Keys
2025-09-05 09:06:28.273: [INFO][Sync] ConfigurationDone, failed: , succeeded: History, Encryption Keys, remaining count: 0
2025-09-05 09:06:28.290: [INFO][Sync]     Configuration completed, state: 7
2025-09-05 09:06:28.290: [INFO][Sync] Configured DataTypeManager: Ok
2025-09-05 09:06:28.305: [INFO][SyncEngineBackend::DoStartSyncing] Start syncing
2025-09-05 18:13:58.076: [INFO][SyncSchedulerImpl::OnSyncNetworkError] Syncer error: HTTP error (401)
2025-09-05 18:13:58.076: [INFO][Sync] Connection status changed to: 2
2025-09-05 18:13:58.077: [INFO][Commit::ReportFullCommitFailure] Commit Extensions failed with error: AuthError
2025-09-05 18:13:58.077: [INFO][SyncSchedulerImpl::DoNudgeSyncCycleJob] Syncer error: HTTP error (401)
2025-09-05 18:13:58.110: [WARN][Sync] NetworkError: HTTP error (401)
2025-09-05 18:13:58.137: [INFO][SyncAuthManager::SetLastAuthError] Current auth error: None
2025-09-05 18:13:58.137: [INFO][SyncAuthManager::EdgeLogTokenErrorState] Token error with: None for account type: MSA
2025-09-05 18:13:58.137: [INFO][Sync] Credentials changed for: EdgeSyncScopeNew
2025-09-05 18:13:58.475: [INFO][SyncAuthManager::SetLastAuthError] Current auth error: None
2025-09-05 18:13:58.475: [INFO][SyncAuthManager::EdgeLogTokenErrorState] Token error with: None for account type: MSA
2025-09-05 18:13:58.475: [INFO][Sync] Credentials changed for: EdgeSyncKeyDataScope
2025-09-05 18:13:58.475: [INFO][SyncEngineBackend::DoUpdateKeyDataCredentials] Update key data credentials
2025-09-05 18:13:58.475: [INFO][SyncEngineBackend::DoUpdateCredentials] Update credentials
2025-09-06 02:54:20.237: [INFO][SyncSchedulerImpl::OnSyncNetworkError] Syncer error: HTTP error (401)
2025-09-06 02:54:20.237: [INFO][Sync] Connection status changed to: 2
2025-09-06 02:54:20.237: [INFO][SyncSchedulerImpl::DoNudgeSyncCycleJob] Syncer error: HTTP error (401)
2025-09-06 02:54:20.266: [WARN][Sync] NetworkError: HTTP error (401)
2025-09-06 02:54:20.293: [INFO][SyncAuthManager::SetLastAuthError] Current auth error: None
2025-09-06 02:54:20.293: [INFO][SyncAuthManager::EdgeLogTokenErrorState] Token error with: None for account type: MSA
2025-09-06 02:54:20.293: [INFO][Sync] Credentials changed for: EdgeSyncScopeNew
2025-09-06 02:54:20.666: [INFO][SyncAuthManager::SetLastAuthError] Current auth error: None
2025-09-06 02:54:20.666: [INFO][SyncAuthManager::EdgeLogTokenErrorState] Token error with: None for account type: MSA
2025-09-06 02:54:20.666: [INFO][Sync] Credentials changed for: EdgeSyncKeyDataScope
2025-09-06 02:54:20.666: [INFO][SyncEngineBackend::DoUpdateKeyDataCredentials] Update key data credentials
2025-09-06 02:54:20.666: [INFO][SyncEngineBackend::DoUpdateCredentials] Update credentials
2025-09-06 09:06:29.713: [INFO][Sync] Connection status changed to: 2
2025-09-06 09:06:29.734: [INFO][SyncAuthManager::SetLastAuthError] Current auth error: None
2025-09-06 09:06:29.734: [INFO][SyncAuthManager::EdgeLogTokenErrorState] Token error with: None for account type: MSA
2025-09-06 09:06:29.734: [INFO][Sync] Credentials changed for: EdgeSyncScopeNew
2025-09-06 09:06:29.991: [INFO][SyncAuthManager::SetLastAuthError] Current auth error: None
2025-09-06 09:06:29.991: [INFO][SyncAuthManager::EdgeLogTokenErrorState] Token error with: None for account type: MSA
2025-09-06 09:06:29.991: [INFO][Sync] Credentials changed for: EdgeSyncKeyDataScope
2025-09-06 09:06:29.991: [INFO][SyncEngineBackend::DoUpdateKeyDataCredentials] Update key data credentials
2025-09-06 09:06:29.991: [INFO][SyncEngineBackend::DoUpdateCredentials] Update credentials
2025-09-06 17:06:30.018: [INFO][Sync] Connection status changed to: 2
2025-09-06 17:06:31.783: [INFO][SyncAuthManager::SetLastAuthError] Current auth error: None
2025-09-06 17:06:31.783: [INFO][SyncAuthManager::EdgeLogTokenErrorState] Token error with: None for account type: MSA
2025-09-06 17:06:31.783: [INFO][Sync] Credentials changed for: EdgeSyncScopeNew
2025-09-06 17:06:31.803: [INFO][SyncAuthManager::SetLastAuthError] Current auth error: None
2025-09-06 17:06:31.803: [INFO][SyncAuthManager::EdgeLogTokenErrorState] Token error with: None for account type: MSA
2025-09-06 17:06:31.803: [INFO][Sync] Credentials changed for: EdgeSyncKeyDataScope
2025-09-06 17:06:31.803: [INFO][SyncEngineBackend::DoUpdateKeyDataCredentials] Update key data credentials
2025-09-06 17:06:31.803: [INFO][SyncEngineBackend::DoUpdateCredentials] Update credentials
2025-09-06 21:31:18.047: [INFO][Sync] Connection status changed to: 2
2025-09-06 21:31:21.362: [INFO][SyncAuthManager::SetLastAuthError] Current auth error: None
2025-09-06 21:31:21.362: [INFO][SyncAuthManager::EdgeLogTokenErrorState] Token error with: None for account type: MSA
2025-09-06 21:31:21.362: [INFO][Sync] Credentials changed for: EdgeSyncScopeNew
2025-09-06 21:31:21.533: [INFO][SyncAuthManager::SetLastAuthError] Current auth error: None
2025-09-06 21:31:21.533: [INFO][SyncAuthManager::EdgeLogTokenErrorState] Token error with: None for account type: MSA
2025-09-06 21:31:21.533: [INFO][Sync] Credentials changed for: EdgeSyncKeyDataScope
2025-09-06 21:31:21.533: [INFO][SyncEngineBackend::DoUpdateKeyDataCredentials] Update key data credentials
2025-09-06 21:31:21.533: [INFO][SyncEngineBackend::DoUpdateCredentials] Update credentials
2025-09-07 01:32:25.441: [INFO][SyncSchedulerImpl::OnSyncNetworkError] Syncer error: HTTP error (401)
2025-09-07 01:32:25.441: [INFO][Sync] Connection status changed to: 2
2025-09-07 01:32:25.442: [INFO][SyncSchedulerImpl::DoNudgeSyncCycleJob] Syncer error: HTTP error (401)
2025-09-07 01:32:25.472: [WARN][Sync] NetworkError: HTTP error (401)
2025-09-07 01:32:25.500: [INFO][SyncAuthManager::SetLastAuthError] Current auth error: None
2025-09-07 01:32:25.500: [INFO][SyncAuthManager::EdgeLogTokenErrorState] Token error with: None for account type: MSA
2025-09-07 01:32:25.500: [INFO][Sync] Credentials changed for: EdgeSyncScopeNew
2025-09-07 01:32:25.993: [INFO][SyncAuthManager::SetLastAuthError] Current auth error: None
2025-09-07 01:32:25.993: [INFO][SyncAuthManager::EdgeLogTokenErrorState] Token error with: None for account type: MSA
2025-09-07 01:32:25.993: [INFO][Sync] Credentials changed for: EdgeSyncKeyDataScope
2025-09-07 01:32:25.993: [INFO][SyncEngineBackend::DoUpdateKeyDataCredentials] Update key data credentials
2025-09-07 01:32:25.993: [INFO][SyncEngineBackend::DoUpdateCredentials] Update credentials
2025-09-07 12:12:49.768: [INFO][SyncSchedulerImpl::OnSyncNetworkError] Syncer error: HTTP error (401)
2025-09-07 12:12:49.768: [INFO][Sync] Connection status changed to: 2
2025-09-07 12:12:49.768: [INFO][SyncSchedulerImpl::DoNudgeSyncCycleJob] Syncer error: HTTP error (401)
2025-09-07 12:12:49.797: [WARN][Sync] NetworkError: HTTP error (401)
2025-09-07 12:12:49.826: [INFO][SyncAuthManager::SetLastAuthError] Current auth error: None
2025-09-07 12:12:49.826: [INFO][SyncAuthManager::EdgeLogTokenErrorState] Token error with: None for account type: MSA
2025-09-07 12:12:49.826: [INFO][Sync] Credentials changed for: EdgeSyncScopeNew
2025-09-07 12:12:50.319: [INFO][SyncAuthManager::SetLastAuthError] Current auth error: None
2025-09-07 12:12:50.319: [INFO][SyncAuthManager::EdgeLogTokenErrorState] Token error with: None for account type: MSA
2025-09-07 12:12:50.319: [INFO][Sync] Credentials changed for: EdgeSyncKeyDataScope
2025-09-07 12:12:50.319: [INFO][SyncEngineBackend::DoUpdateKeyDataCredentials] Update key data credentials
2025-09-07 12:12:50.319: [INFO][SyncEngineBackend::DoUpdateCredentials] Update credentials
2025-09-07 12:43:29.762: [INFO][Sync] Reset engine, reason: 0
2025-09-07 12:43:29.762: [INFO][Sync] Reset engine with reason: 0
